<?xml version="1.0" encoding="UTF-8"?>
<coverage generated="1752964066303" clover="3.2.0">
  <project timestamp="1752964066303" name="All files">
    <metrics statements="1187" coveredstatements="859" conditionals="158" coveredconditionals="135" methods="65" coveredmethods="47" elements="1410" coveredelements="1041" complexity="0" loc="1187" ncloc="1187" packages="5" files="12" classes="12"/>
    <package name="src">
      <metrics statements="570" coveredstatements="404" conditionals="51" coveredconditionals="42" methods="22" coveredmethods="12"/>
      <file name="App.tsx" path="C:\Users\Chans\Downloads\coding-projects\coding-projects-2025\csreadings\src\App.tsx">
        <metrics statements="63" coveredstatements="36" conditionals="2" coveredconditionals="2" methods="6" coveredmethods="2"/>
        <line num="1" count="1" type="stmt"/>
        <line num="2" count="1" type="stmt"/>
        <line num="3" count="1" type="stmt"/>
        <line num="5" count="1" type="stmt"/>
        <line num="6" count="1" type="stmt"/>
        <line num="7" count="1" type="stmt"/>
        <line num="10" count="1" type="stmt"/>
        <line num="11" count="1" type="stmt"/>
        <line num="13" count="1" type="stmt"/>
        <line num="15" count="0" type="stmt"/>
        <line num="16" count="0" type="stmt"/>
        <line num="18" count="0" type="stmt"/>
        <line num="19" count="0" type="stmt"/>
        <line num="20" count="0" type="stmt"/>
        <line num="21" count="0" type="stmt"/>
        <line num="22" count="0" type="stmt"/>
        <line num="23" count="0" type="stmt"/>
        <line num="24" count="0" type="stmt"/>
        <line num="25" count="0" type="stmt"/>
        <line num="26" count="0" type="stmt"/>
        <line num="27" count="0" type="stmt"/>
        <line num="28" count="0" type="stmt"/>
        <line num="29" count="0" type="stmt"/>
        <line num="30" count="0" type="stmt"/>
        <line num="31" count="0" type="stmt"/>
        <line num="32" count="0" type="stmt"/>
        <line num="33" count="0" type="stmt"/>
        <line num="34" count="0" type="stmt"/>
        <line num="35" count="0" type="stmt"/>
        <line num="36" count="0" type="stmt"/>
        <line num="37" count="0" type="stmt"/>
        <line num="39" count="0" type="stmt"/>
        <line num="40" count="0" type="stmt"/>
        <line num="42" count="0" type="stmt"/>
        <line num="44" count="2" type="cond" truecount="1" falsecount="0"/>
        <line num="45" count="2" type="stmt"/>
        <line num="47" count="2" type="stmt"/>
        <line num="48" count="0" type="stmt"/>
        <line num="49" count="0" type="stmt"/>
        <line num="51" count="2" type="stmt"/>
        <line num="52" count="2" type="stmt"/>
        <line num="53" count="2" type="stmt"/>
        <line num="55" count="2" type="stmt"/>
        <line num="56" count="2" type="stmt"/>
        <line num="57" count="2" type="stmt"/>
        <line num="58" count="2" type="stmt"/>
        <line num="59" count="2" type="stmt"/>
        <line num="61" count="2" type="stmt"/>
        <line num="62" count="2" type="stmt"/>
        <line num="64" count="2" type="stmt"/>
        <line num="66" count="2" type="cond" truecount="1" falsecount="0"/>
        <line num="67" count="2" type="stmt"/>
        <line num="68" count="2" type="stmt"/>
        <line num="69" count="2" type="stmt"/>
        <line num="70" count="2" type="stmt"/>
        <line num="71" count="2" type="stmt"/>
        <line num="72" count="2" type="stmt"/>
        <line num="73" count="2" type="stmt"/>
        <line num="74" count="2" type="stmt"/>
        <line num="75" count="2" type="stmt"/>
        <line num="76" count="2" type="stmt"/>
        <line num="78" count="2" type="stmt"/>
        <line num="80" count="1" type="stmt"/>
      </file>
      <file name="MyTable.tsx" path="C:\Users\Chans\Downloads\coding-projects\coding-projects-2025\csreadings\src\MyTable.tsx">
        <metrics statements="82" coveredstatements="0" conditionals="1" coveredconditionals="1" methods="1" coveredmethods="1"/>
        <line num="2" count="0" type="stmt"/>
        <line num="3" count="0" type="stmt"/>
        <line num="4" count="0" type="stmt"/>
        <line num="5" count="0" type="stmt"/>
        <line num="6" count="0" type="stmt"/>
        <line num="7" count="0" type="stmt"/>
        <line num="8" count="0" type="stmt"/>
        <line num="10" count="0" type="stmt"/>
        <line num="17" count="0" type="stmt"/>
        <line num="18" count="0" type="stmt"/>
        <line num="19" count="0" type="stmt"/>
        <line num="21" count="0" type="stmt"/>
        <line num="22" count="0" type="stmt"/>
        <line num="23" count="0" type="stmt"/>
        <line num="26" count="0" type="stmt"/>
        <line num="27" count="0" type="stmt"/>
        <line num="28" count="0" type="stmt"/>
        <line num="30" count="0" type="stmt"/>
        <line num="32" count="0" type="stmt"/>
        <line num="33" count="0" type="stmt"/>
        <line num="34" count="0" type="stmt"/>
        <line num="35" count="0" type="stmt"/>
        <line num="37" count="0" type="stmt"/>
        <line num="38" count="0" type="stmt"/>
        <line num="39" count="0" type="stmt"/>
        <line num="40" count="0" type="stmt"/>
        <line num="41" count="0" type="stmt"/>
        <line num="42" count="0" type="stmt"/>
        <line num="44" count="0" type="stmt"/>
        <line num="46" count="0" type="stmt"/>
        <line num="47" count="0" type="stmt"/>
        <line num="48" count="0" type="stmt"/>
        <line num="49" count="0" type="stmt"/>
        <line num="50" count="0" type="stmt"/>
        <line num="52" count="0" type="stmt"/>
        <line num="54" count="0" type="stmt"/>
        <line num="57" count="0" type="stmt"/>
        <line num="59" count="0" type="stmt"/>
        <line num="62" count="0" type="stmt"/>
        <line num="64" count="0" type="stmt"/>
        <line num="67" count="0" type="stmt"/>
        <line num="69" count="0" type="stmt"/>
        <line num="71" count="0" type="stmt"/>
        <line num="72" count="0" type="stmt"/>
        <line num="73" count="0" type="stmt"/>
        <line num="76" count="0" type="stmt"/>
        <line num="78" count="0" type="stmt"/>
        <line num="79" count="0" type="stmt"/>
        <line num="80" count="0" type="stmt"/>
        <line num="81" count="0" type="stmt"/>
        <line num="82" count="0" type="stmt"/>
        <line num="83" count="0" type="stmt"/>
        <line num="84" count="0" type="stmt"/>
        <line num="85" count="0" type="stmt"/>
        <line num="86" count="0" type="stmt"/>
        <line num="87" count="0" type="stmt"/>
        <line num="88" count="0" type="stmt"/>
        <line num="89" count="0" type="stmt"/>
        <line num="90" count="0" type="stmt"/>
        <line num="91" count="0" type="stmt"/>
        <line num="92" count="0" type="stmt"/>
        <line num="93" count="0" type="stmt"/>
        <line num="94" count="0" type="stmt"/>
        <line num="95" count="0" type="stmt"/>
        <line num="96" count="0" type="stmt"/>
        <line num="97" count="0" type="stmt"/>
        <line num="99" count="0" type="stmt"/>
        <line num="100" count="0" type="stmt"/>
        <line num="101" count="0" type="stmt"/>
        <line num="102" count="0" type="stmt"/>
        <line num="103" count="0" type="stmt"/>
        <line num="104" count="0" type="stmt"/>
        <line num="105" count="0" type="stmt"/>
        <line num="106" count="0" type="stmt"/>
        <line num="107" count="0" type="stmt"/>
        <line num="108" count="0" type="stmt"/>
        <line num="109" count="0" type="stmt"/>
        <line num="110" count="0" type="stmt"/>
        <line num="111" count="0" type="stmt"/>
        <line num="113" count="0" type="stmt"/>
        <line num="115" count="0" type="stmt"/>
        <line num="117" count="0" type="stmt"/>
      </file>
      <file name="MyTable2.tsx" path="C:\Users\Chans\Downloads\coding-projects\coding-projects-2025\csreadings\src\MyTable2.tsx">
        <metrics statements="416" coveredstatements="368" conditionals="47" coveredconditionals="39" methods="14" coveredmethods="9"/>
        <line num="1" count="1" type="stmt"/>
        <line num="3" count="1" type="stmt"/>
        <line num="27" count="1" type="stmt"/>
        <line num="30" count="1" type="stmt"/>
        <line num="31" count="1" type="stmt"/>
        <line num="32" count="1" type="stmt"/>
        <line num="37" count="1" type="stmt"/>
        <line num="39" count="1" type="stmt"/>
        <line num="84" count="1" type="stmt"/>
        <line num="85" count="1" type="stmt"/>
        <line num="86" count="1" type="stmt"/>
        <line num="87" count="1" type="stmt"/>
        <line num="88" count="1" type="stmt"/>
        <line num="89" count="1" type="stmt"/>
        <line num="90" count="1" type="stmt"/>
        <line num="91" count="1" type="stmt"/>
        <line num="92" count="1" type="stmt"/>
        <line num="93" count="1" type="stmt"/>
        <line num="94" count="1" type="stmt"/>
        <line num="95" count="1" type="stmt"/>
        <line num="96" count="1" type="stmt"/>
        <line num="97" count="1" type="stmt"/>
        <line num="99" count="1" type="stmt"/>
        <line num="172" count="1" type="stmt"/>
        <line num="176" count="0" type="stmt"/>
        <line num="177" count="0" type="stmt"/>
        <line num="178" count="0" type="stmt"/>
        <line num="179" count="0" type="stmt"/>
        <line num="180" count="0" type="stmt"/>
        <line num="181" count="0" type="stmt"/>
        <line num="182" count="0" type="stmt"/>
        <line num="183" count="0" type="stmt"/>
        <line num="184" count="0" type="stmt"/>
        <line num="185" count="0" type="stmt"/>
        <line num="186" count="0" type="stmt"/>
        <line num="187" count="0" type="stmt"/>
        <line num="189" count="0" type="stmt"/>
        <line num="190" count="0" type="stmt"/>
        <line num="191" count="0" type="stmt"/>
        <line num="192" count="0" type="stmt"/>
        <line num="194" count="0" type="stmt"/>
        <line num="196" count="1" type="cond" truecount="1" falsecount="0"/>
        <line num="204" count="12" type="stmt"/>
        <line num="205" count="12" type="stmt"/>
        <line num="206" count="12" type="stmt"/>
        <line num="207" count="12" type="stmt"/>
        <line num="208" count="12" type="stmt"/>
        <line num="209" count="12" type="stmt"/>
        <line num="210" count="12" type="stmt"/>
        <line num="211" count="12" type="stmt"/>
        <line num="212" count="12" type="stmt"/>
        <line num="213" count="12" type="stmt"/>
        <line num="214" count="12" type="stmt"/>
        <line num="215" count="12" type="stmt"/>
        <line num="216" count="12" type="stmt"/>
        <line num="217" count="12" type="stmt"/>
        <line num="218" count="12" type="stmt"/>
        <line num="219" count="12" type="stmt"/>
        <line num="220" count="12" type="stmt"/>
        <line num="222" count="12" type="stmt"/>
        <line num="224" count="12" type="stmt"/>
        <line num="226" count="12" type="stmt"/>
        <line num="227" count="12" type="stmt"/>
        <line num="228" count="12" type="stmt"/>
        <line num="229" count="12" type="stmt"/>
        <line num="230" count="12" type="stmt"/>
        <line num="231" count="12" type="stmt"/>
        <line num="232" count="12" type="stmt"/>
        <line num="233" count="0" type="stmt"/>
        <line num="234" count="0" type="stmt"/>
        <line num="235" count="0" type="stmt"/>
        <line num="238" count="12" type="stmt"/>
        <line num="239" count="12" type="stmt"/>
        <line num="240" count="12" type="stmt"/>
        <line num="241" count="12" type="cond" truecount="1" falsecount="0"/>
        <line num="242" count="24" type="stmt"/>
        <line num="243" count="24" type="stmt"/>
        <line num="244" count="24" type="stmt"/>
        <line num="246" count="24" type="stmt"/>
        <line num="247" count="12" type="stmt"/>
        <line num="248" count="12" type="stmt"/>
        <line num="249" count="12" type="stmt"/>
        <line num="250" count="12" type="stmt"/>
        <line num="252" count="12" type="stmt"/>
        <line num="253" count="12" type="stmt"/>
        <line num="255" count="12" type="stmt"/>
        <line num="257" count="12" type="stmt"/>
        <line num="258" count="12" type="stmt"/>
        <line num="259" count="12" type="stmt"/>
        <line num="260" count="12" type="stmt"/>
        <line num="261" count="12" type="stmt"/>
        <line num="262" count="12" type="stmt"/>
        <line num="264" count="12" type="stmt"/>
        <line num="266" count="12" type="stmt"/>
        <line num="267" count="12" type="stmt"/>
        <line num="268" count="12" type="stmt"/>
        <line num="270" count="12" type="stmt"/>
        <line num="272" count="1" type="cond" truecount="1" falsecount="0"/>
        <line num="278" count="12" type="stmt"/>
        <line num="279" count="12" type="stmt"/>
        <line num="280" count="12" type="stmt"/>
        <line num="281" count="12" type="stmt"/>
        <line num="282" count="12" type="stmt"/>
        <line num="283" count="12" type="stmt"/>
        <line num="284" count="12" type="stmt"/>
        <line num="285" count="12" type="stmt"/>
        <line num="286" count="12" type="stmt"/>
        <line num="287" count="12" type="stmt"/>
        <line num="289" count="12" type="stmt"/>
        <line num="291" count="12" type="stmt"/>
        <line num="294" count="12" type="stmt"/>
        <line num="295" count="12" type="stmt"/>
        <line num="296" count="12" type="stmt"/>
        <line num="297" count="12" type="stmt"/>
        <line num="298" count="12" type="stmt"/>
        <line num="299" count="12" type="stmt"/>
        <line num="300" count="12" type="cond" truecount="0" falsecount="1"/>
        <line num="301" count="0" type="stmt"/>
        <line num="302" count="0" type="stmt"/>
        <line num="303" count="0" type="stmt"/>
        <line num="304" count="0" type="stmt"/>
        <line num="305" count="0" type="stmt"/>
        <line num="307" count="0" type="stmt"/>
        <line num="308" count="0" type="stmt"/>
        <line num="309" count="0" type="stmt"/>
        <line num="311" count="12" type="stmt"/>
        <line num="312" count="12" type="stmt"/>
        <line num="313" count="12" type="stmt"/>
        <line num="314" count="12" type="stmt"/>
        <line num="315" count="12" type="stmt"/>
        <line num="317" count="12" type="stmt"/>
        <line num="319" count="12" type="stmt"/>
        <line num="320" count="12" type="stmt"/>
        <line num="323" count="12" type="stmt"/>
        <line num="324" count="12" type="stmt"/>
        <line num="325" count="12" type="stmt"/>
        <line num="326" count="12" type="stmt"/>
        <line num="327" count="12" type="stmt"/>
        <line num="328" count="12" type="stmt"/>
        <line num="329" count="12" type="stmt"/>
        <line num="330" count="12" type="stmt"/>
        <line num="331" count="12" type="stmt"/>
        <line num="333" count="12" type="stmt"/>
        <line num="334" count="12" type="stmt"/>
        <line num="335" count="12" type="cond" truecount="1" falsecount="0"/>
        <line num="336" count="36" type="cond" truecount="1" falsecount="0"/>
        <line num="337" count="24" type="stmt"/>
        <line num="338" count="24" type="stmt"/>
        <line num="339" count="24" type="stmt"/>
        <line num="341" count="12" type="stmt"/>
        <line num="342" count="12" type="stmt"/>
        <line num="343" count="12" type="stmt"/>
        <line num="344" count="12" type="stmt"/>
        <line num="345" count="12" type="stmt"/>
        <line num="346" count="12" type="stmt"/>
        <line num="347" count="12" type="stmt"/>
        <line num="349" count="12" type="stmt"/>
        <line num="350" count="12" type="stmt"/>
        <line num="353" count="12" type="stmt"/>
        <line num="354" count="12" type="stmt"/>
        <line num="355" count="12" type="stmt"/>
        <line num="356" count="12" type="stmt"/>
        <line num="357" count="12" type="stmt"/>
        <line num="358" count="12" type="stmt"/>
        <line num="359" count="12" type="cond" truecount="0" falsecount="1"/>
        <line num="360" count="0" type="stmt"/>
        <line num="365" count="0" type="stmt"/>
        <line num="366" count="0" type="stmt"/>
        <line num="379" count="0" type="stmt"/>
        <line num="380" count="0" type="stmt"/>
        <line num="382" count="12" type="cond" truecount="0" falsecount="1"/>
        <line num="383" count="0" type="stmt"/>
        <line num="384" count="0" type="stmt"/>
        <line num="385" count="0" type="stmt"/>
        <line num="387" count="12" type="stmt"/>
        <line num="388" count="12" type="stmt"/>
        <line num="389" count="12" type="stmt"/>
        <line num="390" count="12" type="stmt"/>
        <line num="391" count="12" type="stmt"/>
        <line num="393" count="12" type="stmt"/>
        <line num="395" count="12" type="stmt"/>
        <line num="396" count="12" type="stmt"/>
        <line num="399" count="12" type="stmt"/>
        <line num="400" count="12" type="stmt"/>
        <line num="401" count="12" type="stmt"/>
        <line num="402" count="12" type="stmt"/>
        <line num="403" count="12" type="stmt"/>
        <line num="404" count="12" type="stmt"/>
        <line num="405" count="12" type="cond" truecount="0" falsecount="1"/>
        <line num="406" count="0" type="stmt"/>
        <line num="411" count="0" type="stmt"/>
        <line num="412" count="0" type="stmt"/>
        <line num="413" count="0" type="stmt"/>
        <line num="414" count="0" type="stmt"/>
        <line num="416" count="12" type="cond" truecount="0" falsecount="1"/>
        <line num="417" count="0" type="stmt"/>
        <line num="418" count="0" type="stmt"/>
        <line num="419" count="0" type="stmt"/>
        <line num="420" count="0" type="stmt"/>
        <line num="422" count="12" type="stmt"/>
        <line num="423" count="12" type="stmt"/>
        <line num="424" count="12" type="stmt"/>
        <line num="425" count="12" type="stmt"/>
        <line num="426" count="12" type="stmt"/>
        <line num="428" count="12" type="stmt"/>
        <line num="430" count="12" type="stmt"/>
        <line num="431" count="12" type="stmt"/>
        <line num="432" count="12" type="stmt"/>
        <line num="434" count="12" type="stmt"/>
        <line num="436" count="48" type="cond" truecount="1" falsecount="0"/>
        <line num="437" count="48" type="cond" truecount="0" falsecount="1"/>
        <line num="438" count="0" type="stmt"/>
        <line num="439" count="0" type="stmt"/>
        <line num="440" count="48" type="stmt"/>
        <line num="441" count="48" type="stmt"/>
        <line num="442" count="48" type="stmt"/>
        <line num="443" count="48" type="stmt"/>
        <line num="444" count="48" type="stmt"/>
        <line num="446" count="48" type="stmt"/>
        <line num="448" count="48" type="cond" truecount="1" falsecount="0"/>
        <line num="449" count="120" type="stmt"/>
        <line num="450" count="48" type="stmt"/>
        <line num="451" count="48" type="stmt"/>
        <line num="453" count="48" type="stmt"/>
        <line num="455" count="96" type="cond" truecount="1" falsecount="0"/>
        <line num="456" count="96" type="stmt"/>
        <line num="457" count="96" type="stmt"/>
        <line num="458" count="96" type="stmt"/>
        <line num="460" count="96" type="stmt"/>
        <line num="461" count="96" type="cond" truecount="0" falsecount="1"/>
        <line num="463" count="0" type="stmt"/>
        <line num="465" count="96" type="stmt"/>
        <line num="467" count="1" type="cond" truecount="1" falsecount="0"/>
        <line num="472" count="12" type="stmt"/>
        <line num="474" count="12" type="stmt"/>
        <line num="476" count="12" type="stmt"/>
        <line num="477" count="12" type="stmt"/>
        <line num="478" count="12" type="stmt"/>
        <line num="479" count="12" type="stmt"/>
        <line num="480" count="12" type="stmt"/>
        <line num="481" count="12" type="stmt"/>
        <line num="482" count="12" type="stmt"/>
        <line num="485" count="12" type="stmt"/>
        <line num="487" count="12" type="stmt"/>
        <line num="488" count="12" type="stmt"/>
        <line num="489" count="12" type="stmt"/>
        <line num="490" count="12" type="stmt"/>
        <line num="491" count="12" type="stmt"/>
        <line num="492" count="12" type="stmt"/>
        <line num="493" count="12" type="stmt"/>
        <line num="496" count="12" type="stmt"/>
        <line num="498" count="12" type="stmt"/>
        <line num="499" count="12" type="stmt"/>
        <line num="500" count="12" type="stmt"/>
        <line num="501" count="12" type="stmt"/>
        <line num="502" count="12" type="stmt"/>
        <line num="503" count="12" type="stmt"/>
        <line num="504" count="12" type="stmt"/>
        <line num="506" count="12" type="stmt"/>
        <line num="507" count="12" type="stmt"/>
        <line num="508" count="12" type="stmt"/>
        <line num="509" count="12" type="cond" truecount="1" falsecount="0"/>
        <line num="510" count="156" type="cond" truecount="1" falsecount="0"/>
        <line num="511" count="120" type="stmt"/>
        <line num="512" count="120" type="stmt"/>
        <line num="513" count="120" type="stmt"/>
        <line num="514" count="120" type="stmt"/>
        <line num="515" count="120" type="stmt"/>
        <line num="516" count="120" type="cond" truecount="1" falsecount="0"/>
        <line num="517" count="48" type="stmt"/>
        <line num="518" count="48" type="stmt"/>
        <line num="519" count="48" type="cond" truecount="1" falsecount="0"/>
        <line num="520" count="48" type="stmt"/>
        <line num="521" count="48" type="stmt"/>
        <line num="522" count="48" type="stmt"/>
        <line num="523" count="48" type="stmt"/>
        <line num="524" count="48" type="stmt"/>
        <line num="525" count="48" type="cond" truecount="1" falsecount="0"/>
        <line num="526" count="3" type="cond" truecount="1" falsecount="0"/>
        <line num="527" count="45" type="stmt"/>
        <line num="528" count="48" type="stmt"/>
        <line num="529" count="48" type="stmt"/>
        <line num="531" count="48" type="stmt"/>
        <line num="532" count="48" type="stmt"/>
        <line num="533" count="48" type="cond" truecount="1" falsecount="0"/>
        <line num="534" count="48" type="stmt"/>
        <line num="535" count="48" type="stmt"/>
        <line num="536" count="48" type="stmt"/>
        <line num="537" count="48" type="stmt"/>
        <line num="538" count="48" type="stmt"/>
        <line num="539" count="48" type="cond" truecount="1" falsecount="0"/>
        <line num="540" count="2" type="cond" truecount="1" falsecount="0"/>
        <line num="541" count="46" type="stmt"/>
        <line num="542" count="48" type="stmt"/>
        <line num="543" count="48" type="stmt"/>
        <line num="545" count="48" type="stmt"/>
        <line num="546" count="48" type="cond" truecount="1" falsecount="0"/>
        <line num="547" count="5" type="stmt"/>
        <line num="548" count="5" type="stmt"/>
        <line num="549" count="5" type="stmt"/>
        <line num="550" count="5" type="stmt"/>
        <line num="551" count="5" type="stmt"/>
        <line num="553" count="5" type="stmt"/>
        <line num="555" count="48" type="stmt"/>
        <line num="557" count="120" type="stmt"/>
        <line num="558" count="120" type="cond" truecount="1" falsecount="0"/>
        <line num="559" count="36" type="stmt"/>
        <line num="560" count="12" type="stmt"/>
        <line num="561" count="12" type="stmt"/>
        <line num="562" count="12" type="stmt"/>
        <line num="564" count="12" type="stmt"/>
        <line num="566" count="1" type="cond" truecount="1" falsecount="0"/>
        <line num="570" count="12" type="stmt"/>
        <line num="571" count="12" type="stmt"/>
        <line num="572" count="12" type="stmt"/>
        <line num="573" count="12" type="cond" truecount="1" falsecount="0"/>
        <line num="574" count="48" type="stmt"/>
        <line num="575" count="48" type="cond" truecount="1" falsecount="0"/>
        <line num="576" count="624" type="cond" truecount="1" falsecount="0"/>
        <line num="577" count="480" type="stmt"/>
        <line num="578" count="480" type="cond" truecount="1" falsecount="0"/>
        <line num="579" count="480" type="cond" truecount="1" falsecount="0"/>
        <line num="580" count="480" type="cond" truecount="0" falsecount="1"/>
        <line num="582" count="480" type="cond" truecount="1" falsecount="0"/>
        <line num="583" count="48" type="stmt"/>
        <line num="585" count="480" type="cond" truecount="1" falsecount="0"/>
        <line num="586" count="480" type="cond" truecount="1" falsecount="0"/>
        <line num="587" count="480" type="cond" truecount="1" falsecount="0"/>
        <line num="588" count="480" type="cond" truecount="1" falsecount="0"/>
        <line num="589" count="480" type="cond" truecount="1" falsecount="0"/>
        <line num="590" count="480" type="cond" truecount="1" falsecount="0"/>
        <line num="591" count="480" type="cond" truecount="1" falsecount="0"/>
        <line num="592" count="144" type="stmt"/>
        <line num="593" count="48" type="stmt"/>
        <line num="594" count="48" type="stmt"/>
        <line num="595" count="12" type="stmt"/>
        <line num="596" count="12" type="stmt"/>
        <line num="598" count="12" type="stmt"/>
        <line num="600" count="1" type="cond" truecount="1" falsecount="0"/>
        <line num="602" count="12" type="stmt"/>
        <line num="603" count="12" type="cond" truecount="1" falsecount="0"/>
        <line num="604" count="12" type="stmt"/>
        <line num="605" count="12" type="stmt"/>
        <line num="608" count="12" type="stmt"/>
        <line num="609" count="12" type="cond" truecount="1" falsecount="0"/>
        <line num="610" count="12" type="stmt"/>
        <line num="613" count="12" type="stmt"/>
        <line num="614" count="12" type="stmt"/>
        <line num="615" count="12" type="stmt"/>
        <line num="616" count="12" type="stmt"/>
        <line num="617" count="12" type="stmt"/>
        <line num="618" count="12" type="stmt"/>
        <line num="619" count="12" type="stmt"/>
        <line num="620" count="12" type="stmt"/>
        <line num="623" count="12" type="stmt"/>
        <line num="624" count="12" type="stmt"/>
        <line num="627" count="12" type="stmt"/>
        <line num="631" count="12" type="stmt"/>
        <line num="632" count="12" type="cond" truecount="1" falsecount="0"/>
        <line num="633" count="12" type="stmt"/>
        <line num="634" count="12" type="stmt"/>
        <line num="636" count="12" type="stmt"/>
        <line num="637" count="12" type="cond" truecount="1" falsecount="0"/>
        <line num="638" count="12" type="stmt"/>
        <line num="639" count="12" type="stmt"/>
        <line num="646" count="12" type="stmt"/>
        <line num="647" count="12" type="stmt"/>
        <line num="649" count="12" type="stmt"/>
        <line num="650" count="12" type="stmt"/>
        <line num="651" count="12" type="stmt"/>
        <line num="652" count="12" type="stmt"/>
        <line num="653" count="12" type="stmt"/>
        <line num="654" count="12" type="stmt"/>
        <line num="655" count="12" type="stmt"/>
        <line num="656" count="12" type="stmt"/>
        <line num="658" count="12" type="stmt"/>
        <line num="659" count="12" type="stmt"/>
        <line num="660" count="12" type="stmt"/>
        <line num="661" count="12" type="stmt"/>
        <line num="662" count="12" type="stmt"/>
        <line num="664" count="12" type="stmt"/>
        <line num="667" count="12" type="stmt"/>
        <line num="668" count="12" type="stmt"/>
        <line num="669" count="12" type="stmt"/>
        <line num="670" count="12" type="stmt"/>
        <line num="671" count="12" type="stmt"/>
        <line num="672" count="12" type="stmt"/>
        <line num="673" count="12" type="stmt"/>
        <line num="674" count="12" type="stmt"/>
        <line num="677" count="12" type="stmt"/>
        <line num="678" count="12" type="stmt"/>
        <line num="679" count="12" type="stmt"/>
        <line num="680" count="12" type="stmt"/>
        <line num="681" count="12" type="stmt"/>
        <line num="682" count="12" type="stmt"/>
        <line num="683" count="12" type="stmt"/>
        <line num="684" count="12" type="stmt"/>
        <line num="685" count="12" type="stmt"/>
        <line num="688" count="12" type="stmt"/>
        <line num="689" count="12" type="stmt"/>
        <line num="690" count="12" type="stmt"/>
        <line num="691" count="12" type="stmt"/>
        <line num="692" count="12" type="stmt"/>
        <line num="693" count="12" type="stmt"/>
        <line num="694" count="12" type="stmt"/>
        <line num="695" count="12" type="stmt"/>
        <line num="696" count="12" type="stmt"/>
        <line num="697" count="12" type="stmt"/>
        <line num="698" count="12" type="stmt"/>
        <line num="699" count="12" type="stmt"/>
        <line num="700" count="12" type="stmt"/>
        <line num="701" count="12" type="stmt"/>
        <line num="702" count="12" type="stmt"/>
        <line num="707" count="12" type="stmt"/>
        <line num="709" count="12" type="stmt"/>
        <line num="716" count="1" type="stmt"/>
      </file>
      <file name="main.tsx" path="C:\Users\Chans\Downloads\coding-projects\coding-projects-2025\csreadings\src\main.tsx">
        <metrics statements="9" coveredstatements="0" conditionals="1" coveredconditionals="0" methods="1" coveredmethods="0"/>
        <line num="1" count="0" type="cond" truecount="0" falsecount="1"/>
        <line num="2" count="0" type="stmt"/>
        <line num="3" count="0" type="stmt"/>
        <line num="4" count="0" type="stmt"/>
        <line num="6" count="0" type="stmt"/>
        <line num="7" count="0" type="stmt"/>
        <line num="8" count="0" type="stmt"/>
        <line num="9" count="0" type="stmt"/>
        <line num="10" count="0" type="stmt"/>
      </file>
    </package>
    <package name="src.apis">
      <metrics statements="76" coveredstatements="6" conditionals="1" coveredconditionals="1" methods="3" coveredmethods="1"/>
      <file name="CSNotionPages.tsx" path="C:\Users\Chans\Downloads\coding-projects\coding-projects-2025\csreadings\src\apis\CSNotionPages.tsx">
        <metrics statements="33" coveredstatements="0" conditionals="1" coveredconditionals="1" methods="1" coveredmethods="1"/>
        <line num="4" count="0" type="stmt"/>
        <line num="5" count="0" type="stmt"/>
        <line num="6" count="0" type="stmt"/>
        <line num="13" count="0" type="stmt"/>
        <line num="14" count="0" type="stmt"/>
        <line num="15" count="0" type="stmt"/>
        <line num="16" count="0" type="stmt"/>
        <line num="17" count="0" type="stmt"/>
        <line num="19" count="0" type="stmt"/>
        <line num="21" count="0" type="stmt"/>
        <line num="22" count="0" type="stmt"/>
        <line num="23" count="0" type="stmt"/>
        <line num="25" count="0" type="stmt"/>
        <line num="26" count="0" type="stmt"/>
        <line num="30" count="0" type="stmt"/>
        <line num="31" count="0" type="stmt"/>
        <line num="32" count="0" type="stmt"/>
        <line num="33" count="0" type="stmt"/>
        <line num="34" count="0" type="stmt"/>
        <line num="35" count="0" type="stmt"/>
        <line num="36" count="0" type="stmt"/>
        <line num="37" count="0" type="stmt"/>
        <line num="38" count="0" type="stmt"/>
        <line num="39" count="0" type="stmt"/>
        <line num="40" count="0" type="stmt"/>
        <line num="41" count="0" type="stmt"/>
        <line num="42" count="0" type="stmt"/>
        <line num="44" count="0" type="stmt"/>
        <line num="45" count="0" type="stmt"/>
        <line num="46" count="0" type="stmt"/>
        <line num="48" count="0" type="stmt"/>
        <line num="49" count="0" type="stmt"/>
        <line num="51" count="0" type="stmt"/>
      </file>
      <file name="CSNotionPages2.tsx" path="C:\Users\Chans\Downloads\coding-projects\coding-projects-2025\csreadings\src\apis\CSNotionPages2.tsx">
        <metrics statements="43" coveredstatements="6" conditionals="0" coveredconditionals="0" methods="2" coveredmethods="0"/>
        <line num="5" count="1" type="stmt"/>
        <line num="6" count="1" type="stmt"/>
        <line num="7" count="1" type="stmt"/>
        <line num="28" count="1" type="stmt"/>
        <line num="29" count="0" type="stmt"/>
        <line num="30" count="0" type="stmt"/>
        <line num="31" count="0" type="stmt"/>
        <line num="32" count="0" type="stmt"/>
        <line num="34" count="0" type="stmt"/>
        <line num="36" count="1" type="stmt"/>
        <line num="37" count="0" type="stmt"/>
        <line num="38" count="0" type="stmt"/>
        <line num="39" count="0" type="stmt"/>
        <line num="41" count="0" type="stmt"/>
        <line num="42" count="0" type="stmt"/>
        <line num="43" count="0" type="stmt"/>
        <line num="44" count="0" type="stmt"/>
        <line num="45" count="0" type="stmt"/>
        <line num="46" count="0" type="stmt"/>
        <line num="49" count="0" type="stmt"/>
        <line num="50" count="0" type="stmt"/>
        <line num="51" count="0" type="stmt"/>
        <line num="52" count="0" type="stmt"/>
        <line num="54" count="0" type="stmt"/>
        <line num="55" count="0" type="stmt"/>
        <line num="56" count="0" type="stmt"/>
        <line num="57" count="0" type="stmt"/>
        <line num="58" count="0" type="stmt"/>
        <line num="59" count="0" type="stmt"/>
        <line num="61" count="0" type="stmt"/>
        <line num="62" count="0" type="stmt"/>
        <line num="63" count="0" type="stmt"/>
        <line num="93" count="0" type="stmt"/>
        <line num="94" count="0" type="stmt"/>
        <line num="95" count="0" type="stmt"/>
        <line num="97" count="0" type="stmt"/>
        <line num="98" count="0" type="stmt"/>
        <line num="104" count="0" type="stmt"/>
        <line num="110" count="0" type="stmt"/>
        <line num="111" count="0" type="stmt"/>
        <line num="112" count="0" type="stmt"/>
        <line num="114" count="0" type="stmt"/>
        <line num="116" count="1" type="stmt"/>
      </file>
    </package>
    <package name="src.components">
      <metrics statements="50" coveredstatements="3" conditionals="0" coveredconditionals="0" methods="1" coveredmethods="0"/>
      <file name="BasicDropdownList.tsx" path="C:\Users\Chans\Downloads\coding-projects\coding-projects-2025\csreadings\src\components\BasicDropdownList.tsx">
        <metrics statements="50" coveredstatements="3" conditionals="0" coveredconditionals="0" methods="1" coveredmethods="0"/>
        <line num="8" count="1" type="stmt"/>
        <line num="24" count="1" type="stmt"/>
        <line num="25" count="0" type="stmt"/>
        <line num="26" count="0" type="stmt"/>
        <line num="27" count="0" type="stmt"/>
        <line num="28" count="0" type="stmt"/>
        <line num="32" count="0" type="stmt"/>
        <line num="33" count="0" type="stmt"/>
        <line num="34" count="0" type="stmt"/>
        <line num="35" count="0" type="stmt"/>
        <line num="37" count="0" type="stmt"/>
        <line num="38" count="0" type="stmt"/>
        <line num="39" count="0" type="stmt"/>
        <line num="40" count="0" type="stmt"/>
        <line num="41" count="0" type="stmt"/>
        <line num="42" count="0" type="stmt"/>
        <line num="43" count="0" type="stmt"/>
        <line num="44" count="0" type="stmt"/>
        <line num="45" count="0" type="stmt"/>
        <line num="46" count="0" type="stmt"/>
        <line num="47" count="0" type="stmt"/>
        <line num="48" count="0" type="stmt"/>
        <line num="49" count="0" type="stmt"/>
        <line num="50" count="0" type="stmt"/>
        <line num="51" count="0" type="stmt"/>
        <line num="52" count="0" type="stmt"/>
        <line num="53" count="0" type="stmt"/>
        <line num="54" count="0" type="stmt"/>
        <line num="55" count="0" type="stmt"/>
        <line num="56" count="0" type="stmt"/>
        <line num="57" count="0" type="stmt"/>
        <line num="58" count="0" type="stmt"/>
        <line num="59" count="0" type="stmt"/>
        <line num="60" count="0" type="stmt"/>
        <line num="61" count="0" type="stmt"/>
        <line num="62" count="0" type="stmt"/>
        <line num="63" count="0" type="stmt"/>
        <line num="64" count="0" type="stmt"/>
        <line num="65" count="0" type="stmt"/>
        <line num="66" count="0" type="stmt"/>
        <line num="67" count="0" type="stmt"/>
        <line num="69" count="0" type="stmt"/>
        <line num="70" count="0" type="stmt"/>
        <line num="71" count="0" type="stmt"/>
        <line num="72" count="0" type="stmt"/>
        <line num="73" count="0" type="stmt"/>
        <line num="74" count="0" type="stmt"/>
        <line num="76" count="0" type="stmt"/>
        <line num="78" count="0" type="stmt"/>
        <line num="80" count="1" type="stmt"/>
      </file>
    </package>
    <package name="src.hooks">
      <metrics statements="390" coveredstatements="356" conditionals="94" coveredconditionals="83" methods="34" coveredmethods="29"/>
      <file name="useColumnVisibility.tsx" path="C:\Users\Chans\Downloads\coding-projects\coding-projects-2025\csreadings\src\hooks\useColumnVisibility.tsx">
        <metrics statements="71" coveredstatements="61" conditionals="6" coveredconditionals="5" methods="4" coveredmethods="3"/>
        <line num="2" count="1" type="stmt"/>
        <line num="23" count="1" type="stmt"/>
        <line num="24" count="1" type="stmt"/>
        <line num="25" count="1" type="stmt"/>
        <line num="26" count="1" type="stmt"/>
        <line num="27" count="1" type="stmt"/>
        <line num="28" count="1" type="stmt"/>
        <line num="29" count="1" type="stmt"/>
        <line num="30" count="1" type="stmt"/>
        <line num="31" count="1" type="stmt"/>
        <line num="32" count="1" type="stmt"/>
        <line num="33" count="1" type="stmt"/>
        <line num="34" count="1" type="stmt"/>
        <line num="35" count="1" type="stmt"/>
        <line num="36" count="1" type="stmt"/>
        <line num="37" count="1" type="stmt"/>
        <line num="39" count="1" type="stmt"/>
        <line num="41" count="1" type="stmt"/>
        <line num="42" count="1" type="stmt"/>
        <line num="43" count="1" type="stmt"/>
        <line num="44" count="1" type="stmt"/>
        <line num="45" count="1" type="stmt"/>
        <line num="46" count="1" type="stmt"/>
        <line num="47" count="1" type="stmt"/>
        <line num="48" count="1" type="stmt"/>
        <line num="49" count="1" type="stmt"/>
        <line num="50" count="1" type="stmt"/>
        <line num="51" count="1" type="stmt"/>
        <line num="52" count="1" type="stmt"/>
        <line num="53" count="1" type="stmt"/>
        <line num="54" count="1" type="stmt"/>
        <line num="55" count="1" type="stmt"/>
        <line num="57" count="1" type="stmt"/>
        <line num="59" count="1" type="stmt"/>
        <line num="61" count="1" type="stmt"/>
        <line num="62" count="1" type="stmt"/>
        <line num="80" count="1" type="cond" truecount="1" falsecount="0"/>
        <line num="81" count="19" type="stmt"/>
        <line num="82" count="19" type="stmt"/>
        <line num="84" count="19" type="cond" truecount="1" falsecount="0"/>
        <line num="96" count="9" type="stmt"/>
        <line num="97" count="9" type="cond" truecount="0" falsecount="1"/>
        <line num="99" count="19" type="stmt"/>
        <line num="105" count="19" type="cond" truecount="1" falsecount="0"/>
        <line num="106" count="2" type="cond" truecount="1" falsecount="0"/>
        <line num="107" count="2" type="stmt"/>
        <line num="108" count="2" type="stmt"/>
        <line num="109" count="2" type="stmt"/>
        <line num="110" count="2" type="stmt"/>
        <line num="116" count="19" type="stmt"/>
        <line num="117" count="0" type="stmt"/>
        <line num="118" count="0" type="stmt"/>
        <line num="119" count="0" type="stmt"/>
        <line num="120" count="0" type="stmt"/>
        <line num="121" count="0" type="stmt"/>
        <line num="122" count="0" type="stmt"/>
        <line num="123" count="0" type="stmt"/>
        <line num="124" count="0" type="stmt"/>
        <line num="125" count="0" type="stmt"/>
        <line num="126" count="0" type="stmt"/>
        <line num="131" count="19" type="cond" truecount="1" falsecount="0"/>
        <line num="132" count="1" type="stmt"/>
        <line num="133" count="1" type="stmt"/>
        <line num="135" count="19" type="stmt"/>
        <line num="136" count="19" type="stmt"/>
        <line num="137" count="19" type="stmt"/>
        <line num="138" count="19" type="stmt"/>
        <line num="139" count="19" type="stmt"/>
        <line num="140" count="19" type="stmt"/>
        <line num="141" count="19" type="stmt"/>
        <line num="142" count="19" type="stmt"/>
      </file>
      <file name="useTableFilters.tsx" path="C:\Users\Chans\Downloads\coding-projects\coding-projects-2025\csreadings\src\hooks\useTableFilters.tsx">
        <metrics statements="159" coveredstatements="157" conditionals="46" coveredconditionals="44" methods="15" coveredmethods="15"/>
        <line num="3" count="1" type="stmt"/>
        <line num="38" count="48" type="cond" truecount="1" falsecount="0"/>
        <line num="39" count="48" type="stmt"/>
        <line num="40" count="48" type="stmt"/>
        <line num="41" count="48" type="stmt"/>
        <line num="42" count="48" type="stmt"/>
        <line num="43" count="48" type="stmt"/>
        <line num="44" count="48" type="cond" truecount="2" falsecount="0"/>
        <line num="45" count="3" type="cond" truecount="1" falsecount="0"/>
        <line num="46" count="3" type="cond" truecount="1" falsecount="0"/>
        <line num="47" count="45" type="stmt"/>
        <line num="48" count="45" type="stmt"/>
        <line num="58" count="48" type="cond" truecount="1" falsecount="0"/>
        <line num="59" count="48" type="stmt"/>
        <line num="60" count="48" type="stmt"/>
        <line num="61" count="48" type="stmt"/>
        <line num="62" count="48" type="stmt"/>
        <line num="63" count="48" type="stmt"/>
        <line num="65" count="48" type="cond" truecount="3" falsecount="0"/>
        <line num="66" count="6" type="stmt"/>
        <line num="67" count="6" type="cond" truecount="1" falsecount="0"/>
        <line num="68" count="20" type="stmt"/>
        <line num="69" count="20" type="stmt"/>
        <line num="71" count="20" type="cond" truecount="1" falsecount="0"/>
        <line num="72" count="21" type="stmt"/>
        <line num="73" count="20" type="stmt"/>
        <line num="74" count="6" type="stmt"/>
        <line num="75" count="6" type="cond" truecount="1" falsecount="0"/>
        <line num="76" count="42" type="stmt"/>
        <line num="77" count="42" type="stmt"/>
        <line num="86" count="48" type="cond" truecount="1" falsecount="0"/>
        <line num="87" count="48" type="stmt"/>
        <line num="88" count="48" type="stmt"/>
        <line num="89" count="48" type="stmt"/>
        <line num="90" count="48" type="stmt"/>
        <line num="91" count="48" type="cond" truecount="2" falsecount="0"/>
        <line num="92" count="4" type="cond" truecount="1" falsecount="0"/>
        <line num="93" count="16" type="stmt"/>
        <line num="94" count="4" type="stmt"/>
        <line num="95" count="4" type="cond" truecount="1" falsecount="0"/>
        <line num="96" count="44" type="stmt"/>
        <line num="97" count="44" type="stmt"/>
        <line num="105" count="48" type="cond" truecount="1" falsecount="0"/>
        <line num="106" count="48" type="cond" truecount="1" falsecount="0"/>
        <line num="107" count="3" type="cond" truecount="1" falsecount="0"/>
        <line num="108" count="3" type="cond" truecount="1" falsecount="0"/>
        <line num="109" count="45" type="stmt"/>
        <line num="110" count="45" type="stmt"/>
        <line num="126" count="1" type="cond" truecount="1" falsecount="0"/>
        <line num="128" count="49" type="stmt"/>
        <line num="129" count="49" type="stmt"/>
        <line num="131" count="49" type="stmt"/>
        <line num="132" count="49" type="stmt"/>
        <line num="134" count="49" type="stmt"/>
        <line num="135" count="49" type="stmt"/>
        <line num="137" count="49" type="stmt"/>
        <line num="140" count="49" type="cond" truecount="1" falsecount="0"/>
        <line num="141" count="27" type="stmt"/>
        <line num="142" count="27" type="cond" truecount="1" falsecount="0"/>
        <line num="143" count="27" type="cond" truecount="1" falsecount="0"/>
        <line num="144" count="49" type="stmt"/>
        <line num="146" count="49" type="stmt"/>
        <line num="147" count="49" type="cond" truecount="1" falsecount="0"/>
        <line num="148" count="49" type="stmt"/>
        <line num="149" count="49" type="stmt"/>
        <line num="153" count="49" type="cond" truecount="1" falsecount="0"/>
        <line num="154" count="7" type="cond" truecount="1" falsecount="0"/>
        <line num="155" count="7" type="stmt"/>
        <line num="156" count="7" type="stmt"/>
        <line num="158" count="49" type="cond" truecount="1" falsecount="0"/>
        <line num="159" count="3" type="cond" truecount="1" falsecount="0"/>
        <line num="160" count="3" type="stmt"/>
        <line num="162" count="49" type="cond" truecount="1" falsecount="0"/>
        <line num="163" count="7" type="cond" truecount="1" falsecount="0"/>
        <line num="164" count="7" type="stmt"/>
        <line num="166" count="49" type="cond" truecount="1" falsecount="0"/>
        <line num="167" count="4" type="stmt"/>
        <line num="168" count="4" type="stmt"/>
        <line num="170" count="49" type="cond" truecount="1" falsecount="0"/>
        <line num="171" count="3" type="cond" truecount="0" falsecount="1"/>
        <line num="172" count="3" type="stmt"/>
        <line num="177" count="49" type="cond" truecount="1" falsecount="0"/>
        <line num="182" count="8" type="stmt"/>
        <line num="184" count="8" type="cond" truecount="1" falsecount="0"/>
        <line num="185" count="8" type="cond" truecount="1" falsecount="0"/>
        <line num="186" count="1" type="cond" truecount="2" falsecount="0"/>
        <line num="187" count="7" type="stmt"/>
        <line num="188" count="8" type="stmt"/>
        <line num="189" count="8" type="cond" truecount="0" falsecount="1"/>
        <line num="191" count="0" type="stmt"/>
        <line num="192" count="0" type="stmt"/>
        <line num="193" count="8" type="stmt"/>
        <line num="196" count="49" type="cond" truecount="1" falsecount="0"/>
        <line num="197" count="2" type="stmt"/>
        <line num="198" count="2" type="stmt"/>
        <line num="199" count="2" type="stmt"/>
        <line num="200" count="49" type="cond" truecount="1" falsecount="0"/>
        <line num="201" count="49" type="cond" truecount="1" falsecount="0"/>
        <line num="203" count="49" type="cond" truecount="1" falsecount="0"/>
        <line num="206" count="49" type="cond" truecount="1" falsecount="0"/>
        <line num="207" count="48" type="stmt"/>
        <line num="210" count="48" type="stmt"/>
        <line num="211" count="48" type="stmt"/>
        <line num="212" count="48" type="stmt"/>
        <line num="213" count="48" type="stmt"/>
        <line num="214" count="48" type="stmt"/>
        <line num="217" count="48" type="stmt"/>
        <line num="220" count="48" type="stmt"/>
        <line num="221" count="48" type="stmt"/>
        <line num="222" count="48" type="stmt"/>
        <line num="223" count="48" type="stmt"/>
        <line num="224" count="48" type="stmt"/>
        <line num="225" count="48" type="stmt"/>
        <line num="228" count="48" type="stmt"/>
        <line num="229" count="48" type="stmt"/>
        <line num="230" count="48" type="stmt"/>
        <line num="231" count="48" type="stmt"/>
        <line num="232" count="48" type="stmt"/>
        <line num="233" count="48" type="stmt"/>
        <line num="235" count="48" type="stmt"/>
        <line num="236" count="49" type="stmt"/>
        <line num="237" count="49" type="stmt"/>
        <line num="238" count="49" type="stmt"/>
        <line num="239" count="49" type="stmt"/>
        <line num="240" count="49" type="stmt"/>
        <line num="241" count="49" type="stmt"/>
        <line num="242" count="49" type="stmt"/>
        <line num="243" count="49" type="stmt"/>
        <line num="244" count="49" type="stmt"/>
        <line num="245" count="49" type="stmt"/>
        <line num="247" count="49" type="stmt"/>
        <line num="248" count="49" type="stmt"/>
        <line num="249" count="49" type="stmt"/>
        <line num="250" count="49" type="stmt"/>
        <line num="251" count="49" type="stmt"/>
        <line num="252" count="49" type="stmt"/>
        <line num="253" count="49" type="stmt"/>
        <line num="254" count="49" type="stmt"/>
        <line num="255" count="49" type="stmt"/>
        <line num="256" count="49" type="stmt"/>
        <line num="257" count="49" type="stmt"/>
        <line num="258" count="49" type="stmt"/>
        <line num="259" count="49" type="stmt"/>
        <line num="260" count="49" type="stmt"/>
        <line num="261" count="49" type="stmt"/>
        <line num="262" count="49" type="stmt"/>
        <line num="263" count="49" type="stmt"/>
        <line num="264" count="49" type="stmt"/>
        <line num="265" count="49" type="stmt"/>
        <line num="266" count="49" type="stmt"/>
        <line num="267" count="49" type="stmt"/>
        <line num="268" count="49" type="stmt"/>
        <line num="269" count="49" type="stmt"/>
        <line num="270" count="49" type="stmt"/>
        <line num="271" count="49" type="stmt"/>
        <line num="272" count="49" type="stmt"/>
        <line num="273" count="49" type="stmt"/>
        <line num="274" count="49" type="stmt"/>
        <line num="275" count="49" type="stmt"/>
      </file>
      <file name="useTableSorting.tsx" path="C:\Users\Chans\Downloads\coding-projects\coding-projects-2025\csreadings\src\hooks\useTableSorting.tsx">
        <metrics statements="160" coveredstatements="138" conditionals="42" coveredconditionals="34" methods="15" coveredmethods="11"/>
        <line num="1" count="1" type="stmt"/>
        <line num="13" count="51" type="cond" truecount="1" falsecount="0"/>
        <line num="14" count="51" type="stmt"/>
        <line num="15" count="51" type="stmt"/>
        <line num="16" count="51" type="stmt"/>
        <line num="17" count="51" type="stmt"/>
        <line num="22" count="51" type="stmt"/>
        <line num="23" count="51" type="cond" truecount="0" falsecount="1"/>
        <line num="24" count="51" type="cond" truecount="0" falsecount="1"/>
        <line num="26" count="51" type="cond" truecount="1" falsecount="0"/>
        <line num="27" count="42" type="cond" truecount="2" falsecount="0"/>
        <line num="28" count="42" type="cond" truecount="1" falsecount="0"/>
        <line num="29" count="9" type="stmt"/>
        <line num="30" count="9" type="cond" truecount="2" falsecount="0"/>
        <line num="31" count="9" type="cond" truecount="0" falsecount="1"/>
        <line num="32" count="0" type="stmt"/>
        <line num="33" count="0" type="stmt"/>
        <line num="48" count="27" type="cond" truecount="1" falsecount="0"/>
        <line num="49" count="27" type="stmt"/>
        <line num="50" count="27" type="stmt"/>
        <line num="51" count="27" type="stmt"/>
        <line num="52" count="27" type="stmt"/>
        <line num="58" count="27" type="stmt"/>
        <line num="61" count="27" type="cond" truecount="1" falsecount="0"/>
        <line num="62" count="54" type="stmt"/>
        <line num="63" count="54" type="stmt"/>
        <line num="64" count="54" type="stmt"/>
        <line num="65" count="54" type="stmt"/>
        <line num="67" count="54" type="stmt"/>
        <line num="68" count="54" type="stmt"/>
        <line num="69" count="54" type="cond" truecount="0" falsecount="1"/>
        <line num="71" count="0" type="stmt"/>
        <line num="72" count="0" type="stmt"/>
        <line num="73" count="0" type="stmt"/>
        <line num="75" count="0" type="stmt"/>
        <line num="76" count="0" type="stmt"/>
        <line num="79" count="54" type="cond" truecount="0" falsecount="1"/>
        <line num="80" count="0" type="stmt"/>
        <line num="81" count="0" type="stmt"/>
        <line num="82" count="54" type="stmt"/>
        <line num="83" count="54" type="stmt"/>
        <line num="85" count="27" type="stmt"/>
        <line num="86" count="27" type="stmt"/>
        <line num="89" count="27" type="cond" truecount="0" falsecount="1"/>
        <line num="90" count="0" type="stmt"/>
        <line num="91" count="0" type="stmt"/>
        <line num="92" count="27" type="cond" truecount="0" falsecount="1"/>
        <line num="93" count="0" type="stmt"/>
        <line num="94" count="0" type="stmt"/>
        <line num="95" count="27" type="stmt"/>
        <line num="96" count="27" type="stmt"/>
        <line num="111" count="1" type="cond" truecount="1" falsecount="0"/>
        <line num="113" count="44" type="stmt"/>
        <line num="115" count="44" type="stmt"/>
        <line num="116" count="44" type="stmt"/>
        <line num="118" count="44" type="stmt"/>
        <line num="119" count="44" type="stmt"/>
        <line num="121" count="44" type="stmt"/>
        <line num="122" count="44" type="stmt"/>
        <line num="124" count="44" type="stmt"/>
        <line num="125" count="44" type="stmt"/>
        <line num="127" count="44" type="stmt"/>
        <line num="131" count="44" type="cond" truecount="1" falsecount="0"/>
        <line num="132" count="20" type="cond" truecount="1" falsecount="0"/>
        <line num="133" count="20" type="cond" truecount="1" falsecount="0"/>
        <line num="134" count="20" type="cond" truecount="1" falsecount="0"/>
        <line num="135" count="20" type="cond" truecount="1" falsecount="0"/>
        <line num="136" count="20" type="stmt"/>
        <line num="138" count="20" type="stmt"/>
        <line num="141" count="44" type="cond" truecount="1" falsecount="0"/>
        <line num="142" count="44" type="stmt"/>
        <line num="143" count="44" type="cond" truecount="1" falsecount="0"/>
        <line num="144" count="44" type="stmt"/>
        <line num="145" count="44" type="stmt"/>
        <line num="149" count="44" type="stmt"/>
        <line num="153" count="44" type="cond" truecount="1" falsecount="0"/>
        <line num="154" count="11" type="stmt"/>
        <line num="155" count="11" type="stmt"/>
        <line num="156" count="11" type="stmt"/>
        <line num="157" count="11" type="stmt"/>
        <line num="158" count="11" type="stmt"/>
        <line num="160" count="44" type="cond" truecount="1" falsecount="0"/>
        <line num="161" count="5" type="stmt"/>
        <line num="162" count="5" type="stmt"/>
        <line num="163" count="5" type="stmt"/>
        <line num="164" count="5" type="stmt"/>
        <line num="165" count="5" type="stmt"/>
        <line num="167" count="44" type="cond" truecount="1" falsecount="0"/>
        <line num="168" count="2" type="stmt"/>
        <line num="169" count="2" type="stmt"/>
        <line num="170" count="2" type="stmt"/>
        <line num="171" count="2" type="stmt"/>
        <line num="172" count="2" type="stmt"/>
        <line num="174" count="44" type="cond" truecount="1" falsecount="0"/>
        <line num="175" count="2" type="stmt"/>
        <line num="176" count="2" type="stmt"/>
        <line num="177" count="2" type="stmt"/>
        <line num="178" count="2" type="stmt"/>
        <line num="179" count="2" type="stmt"/>
        <line num="181" count="44" type="stmt"/>
        <line num="182" count="0" type="stmt"/>
        <line num="183" count="0" type="stmt"/>
        <line num="184" count="0" type="stmt"/>
        <line num="185" count="0" type="stmt"/>
        <line num="186" count="0" type="stmt"/>
        <line num="189" count="44" type="cond" truecount="1" falsecount="0"/>
        <line num="191" count="44" type="stmt"/>
        <line num="196" count="44" type="cond" truecount="1" falsecount="0"/>
        <line num="197" count="11" type="cond" truecount="1" falsecount="0"/>
        <line num="198" count="51" type="stmt"/>
        <line num="199" count="11" type="stmt"/>
        <line num="200" count="44" type="cond" truecount="2" falsecount="0"/>
        <line num="202" count="2" type="cond" truecount="1" falsecount="0"/>
        <line num="203" count="6" type="stmt"/>
        <line num="204" count="2" type="stmt"/>
        <line num="205" count="33" type="cond" truecount="2" falsecount="0"/>
        <line num="206" count="5" type="cond" truecount="1" falsecount="0"/>
        <line num="207" count="15" type="stmt"/>
        <line num="208" count="5" type="stmt"/>
        <line num="209" count="31" type="cond" truecount="2" falsecount="0"/>
        <line num="210" count="2" type="cond" truecount="1" falsecount="0"/>
        <line num="211" count="6" type="stmt"/>
        <line num="212" count="2" type="stmt"/>
        <line num="213" count="26" type="cond" truecount="1" falsecount="1"/>
        <line num="215" count="0" type="stmt"/>
        <line num="216" count="0" type="stmt"/>
        <line num="217" count="0" type="stmt"/>
        <line num="218" count="0" type="stmt"/>
        <line num="220" count="44" type="stmt"/>
        <line num="221" count="44" type="stmt"/>
        <line num="222" count="44" type="stmt"/>
        <line num="223" count="44" type="stmt"/>
        <line num="224" count="44" type="stmt"/>
        <line num="225" count="44" type="stmt"/>
        <line num="226" count="44" type="stmt"/>
        <line num="227" count="44" type="stmt"/>
        <line num="228" count="44" type="stmt"/>
        <line num="230" count="44" type="stmt"/>
        <line num="231" count="44" type="stmt"/>
        <line num="232" count="44" type="stmt"/>
        <line num="233" count="44" type="stmt"/>
        <line num="234" count="44" type="stmt"/>
        <line num="235" count="44" type="stmt"/>
        <line num="236" count="44" type="stmt"/>
        <line num="237" count="44" type="stmt"/>
        <line num="238" count="44" type="stmt"/>
        <line num="239" count="44" type="stmt"/>
        <line num="240" count="44" type="stmt"/>
        <line num="241" count="44" type="stmt"/>
        <line num="242" count="44" type="stmt"/>
        <line num="243" count="44" type="stmt"/>
        <line num="244" count="44" type="stmt"/>
        <line num="245" count="44" type="stmt"/>
        <line num="246" count="44" type="stmt"/>
        <line num="247" count="44" type="stmt"/>
        <line num="248" count="44" type="stmt"/>
        <line num="249" count="44" type="stmt"/>
        <line num="250" count="44" type="stmt"/>
        <line num="251" count="44" type="stmt"/>
        <line num="252" count="44" type="stmt"/>
      </file>
    </package>
    <package name="src.utils">
      <metrics statements="101" coveredstatements="90" conditionals="12" coveredconditionals="9" methods="5" coveredmethods="5"/>
      <file name="dataTransforms.ts" path="C:\Users\Chans\Downloads\coding-projects\coding-projects-2025\csreadings\src\utils\dataTransforms.ts">
        <metrics statements="77" coveredstatements="76" conditionals="9" coveredconditionals="8" methods="4" coveredmethods="4"/>
        <line num="42" count="1" type="cond" truecount="1" falsecount="0"/>
        <line num="43" count="21" type="stmt"/>
        <line num="44" count="21" type="stmt"/>
        <line num="45" count="21" type="stmt"/>
        <line num="46" count="21" type="stmt"/>
        <line num="47" count="21" type="stmt"/>
        <line num="48" count="21" type="stmt"/>
        <line num="49" count="21" type="stmt"/>
        <line num="50" count="21" type="stmt"/>
        <line num="51" count="21" type="stmt"/>
        <line num="52" count="21" type="stmt"/>
        <line num="53" count="21" type="stmt"/>
        <line num="54" count="21" type="stmt"/>
        <line num="55" count="21" type="stmt"/>
        <line num="56" count="21" type="stmt"/>
        <line num="58" count="21" type="stmt"/>
        <line num="59" count="21" type="stmt"/>
        <line num="60" count="21" type="stmt"/>
        <line num="61" count="21" type="stmt"/>
        <line num="62" count="21" type="stmt"/>
        <line num="63" count="21" type="stmt"/>
        <line num="64" count="21" type="stmt"/>
        <line num="65" count="21" type="stmt"/>
        <line num="66" count="21" type="stmt"/>
        <line num="67" count="21" type="stmt"/>
        <line num="68" count="21" type="stmt"/>
        <line num="69" count="21" type="stmt"/>
        <line num="70" count="21" type="stmt"/>
        <line num="71" count="21" type="stmt"/>
        <line num="72" count="21" type="stmt"/>
        <line num="73" count="21" type="stmt"/>
        <line num="75" count="21" type="stmt"/>
        <line num="76" count="21" type="stmt"/>
        <line num="82" count="1" type="cond" truecount="1" falsecount="0"/>
        <line num="83" count="5" type="cond" truecount="1" falsecount="0"/>
        <line num="84" count="20" type="stmt"/>
        <line num="85" count="20" type="stmt"/>
        <line num="86" count="20" type="stmt"/>
        <line num="87" count="20" type="stmt"/>
        <line num="88" count="20" type="stmt"/>
        <line num="89" count="20" type="stmt"/>
        <line num="90" count="20" type="stmt"/>
        <line num="91" count="20" type="stmt"/>
        <line num="92" count="20" type="stmt"/>
        <line num="93" count="20" type="stmt"/>
        <line num="94" count="20" type="stmt"/>
        <line num="95" count="20" type="stmt"/>
        <line num="96" count="20" type="stmt"/>
        <line num="97" count="20" type="stmt"/>
        <line num="98" count="20" type="stmt"/>
        <line num="100" count="20" type="stmt"/>
        <line num="101" count="5" type="stmt"/>
        <line num="102" count="5" type="stmt"/>
        <line num="118" count="1" type="cond" truecount="1" falsecount="0"/>
        <line num="119" count="24" type="stmt"/>
        <line num="120" count="24" type="stmt"/>
        <line num="121" count="24" type="stmt"/>
        <line num="125" count="24" type="cond" truecount="1" falsecount="0"/>
        <line num="126" count="96" type="stmt"/>
        <line num="130" count="24" type="cond" truecount="1" falsecount="0"/>
        <line num="131" count="96" type="stmt"/>
        <line num="134" count="96" type="cond" truecount="1" falsecount="0"/>
        <line num="138" count="48" type="stmt"/>
        <line num="139" count="48" type="stmt"/>
        <line num="143" count="48" type="stmt"/>
        <line num="144" count="48" type="stmt"/>
        <line num="145" count="48" type="stmt"/>
        <line num="147" count="48" type="stmt"/>
        <line num="148" count="48" type="cond" truecount="0" falsecount="1"/>
        <line num="151" count="0" type="stmt"/>
        <line num="152" count="24" type="stmt"/>
        <line num="156" count="24" type="stmt"/>
        <line num="159" count="24" type="cond" truecount="1" falsecount="0"/>
        <line num="160" count="96" type="stmt"/>
        <line num="161" count="24" type="stmt"/>
        <line num="163" count="24" type="stmt"/>
        <line num="164" count="24" type="stmt"/>
      </file>
      <file name="dateDisplay.ts" path="C:\Users\Chans\Downloads\coding-projects\coding-projects-2025\csreadings\src\utils\dateDisplay.ts">
        <metrics statements="24" coveredstatements="14" conditionals="3" coveredconditionals="1" methods="1" coveredmethods="1"/>
        <line num="1" count="1" type="cond" truecount="1" falsecount="0"/>
        <line num="3" count="96" type="stmt"/>
        <line num="4" count="96" type="stmt"/>
        <line num="5" count="96" type="stmt"/>
        <line num="6" count="96" type="cond" truecount="0" falsecount="1"/>
        <line num="7" count="0" type="stmt"/>
        <line num="8" count="0" type="stmt"/>
        <line num="9" count="0" type="stmt"/>
        <line num="11" count="0" type="stmt"/>
        <line num="12" count="0" type="stmt"/>
        <line num="13" count="0" type="stmt"/>
        <line num="14" count="0" type="stmt"/>
        <line num="15" count="0" type="stmt"/>
        <line num="16" count="0" type="stmt"/>
        <line num="18" count="96" type="stmt"/>
        <line num="19" count="96" type="stmt"/>
        <line num="20" count="96" type="stmt"/>
        <line num="21" count="96" type="stmt"/>
        <line num="22" count="96" type="stmt"/>
        <line num="23" count="96" type="stmt"/>
        <line num="24" count="96" type="stmt"/>
        <line num="25" count="96" type="cond" truecount="0" falsecount="1"/>
        <line num="26" count="0" type="stmt"/>
        <line num="27" count="96" type="stmt"/>
      </file>
    </package>
  </project>
</coverage>
