{"C:\\Users\\Chans\\Downloads\\coding-projects\\coding-projects-2025\\csreadings\\src\\App.tsx": {"path":"C:\\Users\\Chans\\Downloads\\coding-projects\\coding-projects-2025\\csreadings\\src\\App.tsx","all":false,"statementMap":{"0":{"start":{"line":1,"column":0},"end":{"line":1,"column":33}},"1":{"start":{"line":2,"column":0},"end":{"line":2,"column":43}},"2":{"start":{"line":3,"column":0},"end":{"line":3,"column":33}},"4":{"start":{"line":5,"column":0},"end":{"line":5,"column":47}},"5":{"start":{"line":6,"column":0},"end":{"line":6,"column":42}},"6":{"start":{"line":7,"column":0},"end":{"line":7,"column":36}},"9":{"start":{"line":10,"column":0},"end":{"line":10,"column":55}},"10":{"start":{"line":11,"column":0},"end":{"line":11,"column":74}},"12":{"start":{"line":13,"column":0},"end":{"line":13,"column":19}},"14":{"start":{"line":15,"column":0},"end":{"line":15,"column":19}},"15":{"start":{"line":16,"column":0},"end":{"line":16,"column":40}},"17":{"start":{"line":18,"column":0},"end":{"line":18,"column":10}},"18":{"start":{"line":19,"column":0},"end":{"line":19,"column":6}},"19":{"start":{"line":20,"column":0},"end":{"line":20,"column":11}},"20":{"start":{"line":21,"column":0},"end":{"line":21,"column":51}},"21":{"start":{"line":22,"column":0},"end":{"line":22,"column":65}},"22":{"start":{"line":23,"column":0},"end":{"line":23,"column":12}},"23":{"start":{"line":24,"column":0},"end":{"line":24,"column":52}},"24":{"start":{"line":25,"column":0},"end":{"line":25,"column":73}},"25":{"start":{"line":26,"column":0},"end":{"line":26,"column":12}},"26":{"start":{"line":27,"column":0},"end":{"line":27,"column":12}},"27":{"start":{"line":28,"column":0},"end":{"line":28,"column":27}},"28":{"start":{"line":29,"column":0},"end":{"line":29,"column":28}},"29":{"start":{"line":30,"column":0},"end":{"line":30,"column":63}},"30":{"start":{"line":31,"column":0},"end":{"line":31,"column":26}},"31":{"start":{"line":32,"column":0},"end":{"line":32,"column":17}},"32":{"start":{"line":33,"column":0},"end":{"line":33,"column":11}},"33":{"start":{"line":34,"column":0},"end":{"line":34,"column":60}},"34":{"start":{"line":35,"column":0},"end":{"line":35,"column":12}},"35":{"start":{"line":36,"column":0},"end":{"line":36,"column":12}},"36":{"start":{"line":37,"column":0},"end":{"line":37,"column":35}},"38":{"start":{"line":39,"column":0},"end":{"line":39,"column":10}},"39":{"start":{"line":40,"column":0},"end":{"line":40,"column":7}},"41":{"start":{"line":42,"column":0},"end":{"line":42,"column":1}},"43":{"start":{"line":44,"column":0},"end":{"line":44,"column":30}},"44":{"start":{"line":45,"column":0},"end":{"line":45,"column":33}},"46":{"start":{"line":47,"column":0},"end":{"line":47,"column":44}},"47":{"start":{"line":48,"column":0},"end":{"line":48,"column":19}},"48":{"start":{"line":49,"column":0},"end":{"line":49,"column":4}},"50":{"start":{"line":51,"column":0},"end":{"line":51,"column":10}},"51":{"start":{"line":52,"column":0},"end":{"line":52,"column":75}},"52":{"start":{"line":53,"column":0},"end":{"line":53,"column":74}},"54":{"start":{"line":55,"column":0},"end":{"line":55,"column":15}},"55":{"start":{"line":56,"column":0},"end":{"line":56,"column":13}},"56":{"start":{"line":57,"column":0},"end":{"line":57,"column":27}},"57":{"start":{"line":58,"column":0},"end":{"line":58,"column":58}},"58":{"start":{"line":59,"column":0},"end":{"line":59,"column":7}},"60":{"start":{"line":61,"column":0},"end":{"line":61,"column":15}},"61":{"start":{"line":62,"column":0},"end":{"line":62,"column":10}},"63":{"start":{"line":64,"column":0},"end":{"line":64,"column":1}},"65":{"start":{"line":66,"column":0},"end":{"line":66,"column":16}},"66":{"start":{"line":67,"column":0},"end":{"line":67,"column":10}},"67":{"start":{"line":68,"column":0},"end":{"line":68,"column":6}},"68":{"start":{"line":69,"column":0},"end":{"line":69,"column":14}},"69":{"start":{"line":70,"column":0},"end":{"line":70,"column":16}},"70":{"start":{"line":71,"column":0},"end":{"line":71,"column":60}},"71":{"start":{"line":72,"column":0},"end":{"line":72,"column":53}},"72":{"start":{"line":73,"column":0},"end":{"line":73,"column":72}},"73":{"start":{"line":74,"column":0},"end":{"line":74,"column":17}},"74":{"start":{"line":75,"column":0},"end":{"line":75,"column":15}},"75":{"start":{"line":76,"column":0},"end":{"line":76,"column":7}},"77":{"start":{"line":78,"column":0},"end":{"line":78,"column":1}},"79":{"start":{"line":80,"column":0},"end":{"line":80,"column":19}}},"s":{"0":1,"1":1,"2":1,"4":1,"5":1,"6":1,"9":1,"10":1,"12":1,"14":0,"15":0,"17":0,"18":0,"19":0,"20":0,"21":0,"22":0,"23":0,"24":0,"25":0,"26":0,"27":0,"28":0,"29":0,"30":0,"31":0,"32":0,"33":0,"34":0,"35":0,"36":0,"38":0,"39":0,"41":0,"43":2,"44":2,"46":2,"47":0,"48":0,"50":2,"51":2,"52":2,"54":2,"55":2,"56":2,"57":2,"58":2,"60":2,"61":2,"63":2,"65":2,"66":2,"67":2,"68":2,"69":2,"70":2,"71":2,"72":2,"73":2,"74":2,"75":2,"77":2,"79":1},"branchMap":{"0":{"type":"branch","line":44,"loc":{"start":{"line":44,"column":0},"end":{"line":64,"column":1}},"locations":[{"start":{"line":44,"column":0},"end":{"line":64,"column":1}}]},"1":{"type":"branch","line":66,"loc":{"start":{"line":66,"column":0},"end":{"line":78,"column":1}},"locations":[{"start":{"line":66,"column":0},"end":{"line":78,"column":1}}]}},"b":{"0":[2],"1":[2]},"fnMap":{"0":{"name":"OldApp","decl":{"start":{"line":15,"column":0},"end":{"line":42,"column":1}},"loc":{"start":{"line":15,"column":0},"end":{"line":42,"column":1}},"line":15},"1":{"name":"NavigationButtons","decl":{"start":{"line":44,"column":0},"end":{"line":64,"column":1}},"loc":{"start":{"line":44,"column":0},"end":{"line":64,"column":1}},"line":44},"2":{"name":"handleNavigate","decl":{"start":{"line":47,"column":25},"end":{"line":49,"column":4}},"loc":{"start":{"line":47,"column":25},"end":{"line":49,"column":4}},"line":47},"3":{"name":"onClick","decl":{"start":{"line":53,"column":43},"end":{"line":53,"column":74}},"loc":{"start":{"line":53,"column":43},"end":{"line":53,"column":74}},"line":53},"4":{"name":"onClick","decl":{"start":{"line":58,"column":17},"end":{"line":58,"column":58}},"loc":{"start":{"line":58,"column":17},"end":{"line":58,"column":58}},"line":58},"5":{"name":"App","decl":{"start":{"line":66,"column":0},"end":{"line":78,"column":1}},"loc":{"start":{"line":66,"column":0},"end":{"line":78,"column":1}},"line":66}},"f":{"0":0,"1":2,"2":0,"3":0,"4":0,"5":2}}
,"C:\\Users\\Chans\\Downloads\\coding-projects\\coding-projects-2025\\csreadings\\src\\MyTable.tsx": {"path":"C:\\Users\\Chans\\Downloads\\coding-projects\\coding-projects-2025\\csreadings\\src\\MyTable.tsx","all":true,"statementMap":{"1":{"start":{"line":2,"column":0},"end":{"line":2,"column":40}},"2":{"start":{"line":3,"column":0},"end":{"line":3,"column":48}},"3":{"start":{"line":4,"column":0},"end":{"line":4,"column":48}},"4":{"start":{"line":5,"column":0},"end":{"line":5,"column":58}},"5":{"start":{"line":6,"column":0},"end":{"line":6,"column":48}},"6":{"start":{"line":7,"column":0},"end":{"line":7,"column":46}},"7":{"start":{"line":8,"column":0},"end":{"line":8,"column":40}},"9":{"start":{"line":10,"column":0},"end":{"line":10,"column":33}},"16":{"start":{"line":17,"column":0},"end":{"line":17,"column":62}},"17":{"start":{"line":18,"column":0},"end":{"line":18,"column":24}},"18":{"start":{"line":19,"column":0},"end":{"line":19,"column":1}},"20":{"start":{"line":21,"column":0},"end":{"line":21,"column":51}},"21":{"start":{"line":22,"column":0},"end":{"line":22,"column":74}},"22":{"start":{"line":23,"column":0},"end":{"line":23,"column":1}},"25":{"start":{"line":26,"column":0},"end":{"line":26,"column":54}},"26":{"start":{"line":27,"column":0},"end":{"line":27,"column":68}},"27":{"start":{"line":28,"column":0},"end":{"line":28,"column":44}},"29":{"start":{"line":30,"column":0},"end":{"line":30,"column":174}},"31":{"start":{"line":32,"column":0},"end":{"line":32,"column":60}},"32":{"start":{"line":33,"column":0},"end":{"line":33,"column":96}},"33":{"start":{"line":34,"column":0},"end":{"line":34,"column":3}},"34":{"start":{"line":35,"column":0},"end":{"line":35,"column":23}},"36":{"start":{"line":37,"column":0},"end":{"line":37,"column":44}},"37":{"start":{"line":38,"column":0},"end":{"line":38,"column":27}},"38":{"start":{"line":39,"column":0},"end":{"line":39,"column":47}},"39":{"start":{"line":40,"column":0},"end":{"line":40,"column":24}},"40":{"start":{"line":41,"column":0},"end":{"line":41,"column":49}},"41":{"start":{"line":42,"column":0},"end":{"line":42,"column":4}},"43":{"start":{"line":44,"column":0},"end":{"line":44,"column":90}},"45":{"start":{"line":46,"column":0},"end":{"line":46,"column":51}},"46":{"start":{"line":47,"column":0},"end":{"line":47,"column":27}},"47":{"start":{"line":48,"column":0},"end":{"line":48,"column":13}},"48":{"start":{"line":49,"column":0},"end":{"line":49,"column":28}},"49":{"start":{"line":50,"column":0},"end":{"line":50,"column":14}},"51":{"start":{"line":52,"column":0},"end":{"line":52,"column":131}},"53":{"start":{"line":54,"column":0},"end":{"line":54,"column":13}},"56":{"start":{"line":57,"column":0},"end":{"line":57,"column":131}},"58":{"start":{"line":59,"column":0},"end":{"line":59,"column":13}},"61":{"start":{"line":62,"column":0},"end":{"line":62,"column":132}},"63":{"start":{"line":64,"column":0},"end":{"line":64,"column":13}},"66":{"start":{"line":67,"column":0},"end":{"line":67,"column":132}},"68":{"start":{"line":69,"column":0},"end":{"line":69,"column":14}},"70":{"start":{"line":71,"column":0},"end":{"line":71,"column":28}},"71":{"start":{"line":72,"column":0},"end":{"line":72,"column":6}},"72":{"start":{"line":73,"column":0},"end":{"line":73,"column":3}},"75":{"start":{"line":76,"column":0},"end":{"line":76,"column":98}},"77":{"start":{"line":78,"column":0},"end":{"line":78,"column":10}},"78":{"start":{"line":79,"column":0},"end":{"line":79,"column":6}},"79":{"start":{"line":80,"column":0},"end":{"line":80,"column":54}},"80":{"start":{"line":81,"column":0},"end":{"line":81,"column":41}},"81":{"start":{"line":82,"column":0},"end":{"line":82,"column":13}},"82":{"start":{"line":83,"column":0},"end":{"line":83,"column":38}},"83":{"start":{"line":84,"column":0},"end":{"line":84,"column":64}},"84":{"start":{"line":85,"column":0},"end":{"line":85,"column":21}},"85":{"start":{"line":86,"column":0},"end":{"line":86,"column":22}},"86":{"start":{"line":87,"column":0},"end":{"line":87,"column":51}},"87":{"start":{"line":88,"column":0},"end":{"line":88,"column":54}},"88":{"start":{"line":89,"column":0},"end":{"line":89,"column":54}},"89":{"start":{"line":90,"column":0},"end":{"line":90,"column":23}},"90":{"start":{"line":91,"column":0},"end":{"line":91,"column":22}},"91":{"start":{"line":92,"column":0},"end":{"line":92,"column":21}},"92":{"start":{"line":93,"column":0},"end":{"line":93,"column":42}},"93":{"start":{"line":94,"column":0},"end":{"line":94,"column":49}},"94":{"start":{"line":95,"column":0},"end":{"line":95,"column":25}},"95":{"start":{"line":96,"column":0},"end":{"line":96,"column":32}},"96":{"start":{"line":97,"column":0},"end":{"line":97,"column":76}},"98":{"start":{"line":99,"column":0},"end":{"line":99,"column":56}},"99":{"start":{"line":100,"column":0},"end":{"line":100,"column":29}},"100":{"start":{"line":101,"column":0},"end":{"line":101,"column":30}},"101":{"start":{"line":102,"column":0},"end":{"line":102,"column":56}},"102":{"start":{"line":103,"column":0},"end":{"line":103,"column":30}},"103":{"start":{"line":104,"column":0},"end":{"line":104,"column":30}},"104":{"start":{"line":105,"column":0},"end":{"line":105,"column":90}},"105":{"start":{"line":106,"column":0},"end":{"line":106,"column":27}},"106":{"start":{"line":107,"column":0},"end":{"line":107,"column":53}},"107":{"start":{"line":108,"column":0},"end":{"line":108,"column":15}},"108":{"start":{"line":109,"column":0},"end":{"line":109,"column":22}},"109":{"start":{"line":110,"column":0},"end":{"line":110,"column":16}},"110":{"start":{"line":111,"column":0},"end":{"line":111,"column":24}},"112":{"start":{"line":113,"column":0},"end":{"line":113,"column":7}},"114":{"start":{"line":115,"column":0},"end":{"line":115,"column":2}},"116":{"start":{"line":117,"column":0},"end":{"line":117,"column":27}}},"s":{"1":0,"2":0,"3":0,"4":0,"5":0,"6":0,"7":0,"9":0,"16":0,"17":0,"18":0,"20":0,"21":0,"22":0,"25":0,"26":0,"27":0,"29":0,"31":0,"32":0,"33":0,"34":0,"36":0,"37":0,"38":0,"39":0,"40":0,"41":0,"43":0,"45":0,"46":0,"47":0,"48":0,"49":0,"51":0,"53":0,"56":0,"58":0,"61":0,"63":0,"66":0,"68":0,"70":0,"71":0,"72":0,"75":0,"77":0,"78":0,"79":0,"80":0,"81":0,"82":0,"83":0,"84":0,"85":0,"86":0,"87":0,"88":0,"89":0,"90":0,"91":0,"92":0,"93":0,"94":0,"95":0,"96":0,"98":0,"99":0,"100":0,"101":0,"102":0,"103":0,"104":0,"105":0,"106":0,"107":0,"108":0,"109":0,"110":0,"112":0,"114":0,"116":0},"branchMap":{"0":{"type":"branch","line":1,"loc":{"start":{"line":1,"column":3329},"end":{"line":117,"column":-893}},"locations":[{"start":{"line":1,"column":3329},"end":{"line":117,"column":-893}}]}},"b":{"0":[1]},"fnMap":{"0":{"name":"(empty-report)","decl":{"start":{"line":1,"column":3329},"end":{"line":117,"column":-893}},"loc":{"start":{"line":1,"column":3329},"end":{"line":117,"column":-893}},"line":1}},"f":{"0":1}}
,"C:\\Users\\Chans\\Downloads\\coding-projects\\coding-projects-2025\\csreadings\\src\\MyTable2.tsx": {"path":"C:\\Users\\Chans\\Downloads\\coding-projects\\coding-projects-2025\\csreadings\\src\\MyTable2.tsx","all":false,"statementMap":{"0":{"start":{"line":1,"column":0},"end":{"line":1,"column":49}},"2":{"start":{"line":3,"column":0},"end":{"line":3,"column":8}},"26":{"start":{"line":27,"column":0},"end":{"line":27,"column":60}},"29":{"start":{"line":30,"column":0},"end":{"line":30,"column":58}},"30":{"start":{"line":31,"column":0},"end":{"line":31,"column":93}},"31":{"start":{"line":32,"column":0},"end":{"line":32,"column":8}},"36":{"start":{"line":37,"column":0},"end":{"line":37,"column":50}},"38":{"start":{"line":39,"column":0},"end":{"line":39,"column":8}},"83":{"start":{"line":84,"column":0},"end":{"line":84,"column":54}},"84":{"start":{"line":85,"column":0},"end":{"line":85,"column":9}},"85":{"start":{"line":86,"column":0},"end":{"line":86,"column":16}},"86":{"start":{"line":87,"column":0},"end":{"line":87,"column":15}},"87":{"start":{"line":88,"column":0},"end":{"line":88,"column":14}},"88":{"start":{"line":89,"column":0},"end":{"line":89,"column":15}},"89":{"start":{"line":90,"column":0},"end":{"line":90,"column":19}},"90":{"start":{"line":91,"column":0},"end":{"line":91,"column":17}},"91":{"start":{"line":92,"column":0},"end":{"line":92,"column":9}},"92":{"start":{"line":93,"column":0},"end":{"line":93,"column":11}},"93":{"start":{"line":94,"column":0},"end":{"line":94,"column":9}},"94":{"start":{"line":95,"column":0},"end":{"line":95,"column":9}},"95":{"start":{"line":96,"column":0},"end":{"line":96,"column":9}},"96":{"start":{"line":97,"column":0},"end":{"line":97,"column":12}},"98":{"start":{"line":99,"column":0},"end":{"line":99,"column":2}},"171":{"start":{"line":172,"column":0},"end":{"line":172,"column":41}},"175":{"start":{"line":176,"column":0},"end":{"line":176,"column":7}},"176":{"start":{"line":177,"column":0},"end":{"line":177,"column":10}},"177":{"start":{"line":178,"column":0},"end":{"line":178,"column":60}},"178":{"start":{"line":179,"column":0},"end":{"line":179,"column":45}},"179":{"start":{"line":180,"column":0},"end":{"line":180,"column":25}},"180":{"start":{"line":181,"column":0},"end":{"line":181,"column":23}},"181":{"start":{"line":182,"column":0},"end":{"line":182,"column":19}},"182":{"start":{"line":183,"column":0},"end":{"line":183,"column":19}},"183":{"start":{"line":184,"column":0},"end":{"line":184,"column":53}},"184":{"start":{"line":185,"column":0},"end":{"line":185,"column":49}},"185":{"start":{"line":186,"column":0},"end":{"line":186,"column":28}},"186":{"start":{"line":187,"column":0},"end":{"line":187,"column":14}},"188":{"start":{"line":189,"column":0},"end":{"line":189,"column":25}},"189":{"start":{"line":190,"column":0},"end":{"line":190,"column":10}},"190":{"start":{"line":191,"column":0},"end":{"line":191,"column":9}},"191":{"start":{"line":192,"column":0},"end":{"line":192,"column":10}},"193":{"start":{"line":194,"column":0},"end":{"line":194,"column":2}},"195":{"start":{"line":196,"column":0},"end":{"line":196,"column":46}},"203":{"start":{"line":204,"column":0},"end":{"line":204,"column":7}},"204":{"start":{"line":205,"column":0},"end":{"line":205,"column":10}},"205":{"start":{"line":206,"column":0},"end":{"line":206,"column":53}},"206":{"start":{"line":207,"column":0},"end":{"line":207,"column":10}},"207":{"start":{"line":208,"column":0},"end":{"line":208,"column":13}},"208":{"start":{"line":209,"column":0},"end":{"line":209,"column":31}},"209":{"start":{"line":210,"column":0},"end":{"line":210,"column":21}},"210":{"start":{"line":211,"column":0},"end":{"line":211,"column":22}},"211":{"start":{"line":212,"column":0},"end":{"line":212,"column":45}},"212":{"start":{"line":213,"column":0},"end":{"line":213,"column":71}},"213":{"start":{"line":214,"column":0},"end":{"line":214,"column":38}},"214":{"start":{"line":215,"column":0},"end":{"line":215,"column":35}},"215":{"start":{"line":216,"column":0},"end":{"line":216,"column":24}},"216":{"start":{"line":217,"column":0},"end":{"line":217,"column":15}},"217":{"start":{"line":218,"column":0},"end":{"line":218,"column":28}},"218":{"start":{"line":219,"column":0},"end":{"line":219,"column":28}},"219":{"start":{"line":220,"column":0},"end":{"line":220,"column":10}},"221":{"start":{"line":222,"column":0},"end":{"line":222,"column":61}},"223":{"start":{"line":224,"column":0},"end":{"line":224,"column":21}},"225":{"start":{"line":226,"column":0},"end":{"line":226,"column":28}},"226":{"start":{"line":227,"column":0},"end":{"line":227,"column":68}},"227":{"start":{"line":228,"column":0},"end":{"line":228,"column":46}},"228":{"start":{"line":229,"column":0},"end":{"line":229,"column":19}},"229":{"start":{"line":230,"column":0},"end":{"line":230,"column":70}},"230":{"start":{"line":231,"column":0},"end":{"line":231,"column":29}},"231":{"start":{"line":232,"column":0},"end":{"line":232,"column":30}},"232":{"start":{"line":233,"column":0},"end":{"line":233,"column":37}},"233":{"start":{"line":234,"column":0},"end":{"line":234,"column":66}},"234":{"start":{"line":235,"column":0},"end":{"line":235,"column":17}},"237":{"start":{"line":238,"column":0},"end":{"line":238,"column":33}},"238":{"start":{"line":239,"column":0},"end":{"line":239,"column":45}},"239":{"start":{"line":240,"column":0},"end":{"line":240,"column":25}},"240":{"start":{"line":241,"column":0},"end":{"line":241,"column":55}},"241":{"start":{"line":242,"column":0},"end":{"line":242,"column":48}},"242":{"start":{"line":243,"column":0},"end":{"line":243,"column":48}},"243":{"start":{"line":244,"column":0},"end":{"line":244,"column":65}},"245":{"start":{"line":246,"column":0},"end":{"line":246,"column":27}},"246":{"start":{"line":247,"column":0},"end":{"line":247,"column":17}},"247":{"start":{"line":248,"column":0},"end":{"line":248,"column":21}},"248":{"start":{"line":249,"column":0},"end":{"line":249,"column":24}},"249":{"start":{"line":250,"column":0},"end":{"line":250,"column":76}},"251":{"start":{"line":252,"column":0},"end":{"line":252,"column":19}},"252":{"start":{"line":253,"column":0},"end":{"line":253,"column":14}},"254":{"start":{"line":255,"column":0},"end":{"line":255,"column":53}},"256":{"start":{"line":257,"column":0},"end":{"line":257,"column":21}},"257":{"start":{"line":258,"column":0},"end":{"line":258,"column":32}},"258":{"start":{"line":259,"column":0},"end":{"line":259,"column":47}},"259":{"start":{"line":260,"column":0},"end":{"line":260,"column":45}},"260":{"start":{"line":261,"column":0},"end":{"line":261,"column":39}},"261":{"start":{"line":262,"column":0},"end":{"line":262,"column":10}},"263":{"start":{"line":264,"column":0},"end":{"line":264,"column":75}},"265":{"start":{"line":266,"column":0},"end":{"line":266,"column":17}},"266":{"start":{"line":267,"column":0},"end":{"line":267,"column":12}},"267":{"start":{"line":268,"column":0},"end":{"line":268,"column":12}},"269":{"start":{"line":270,"column":0},"end":{"line":270,"column":2}},"271":{"start":{"line":272,"column":0},"end":{"line":272,"column":39}},"277":{"start":{"line":278,"column":0},"end":{"line":278,"column":7}},"278":{"start":{"line":279,"column":0},"end":{"line":279,"column":10}},"279":{"start":{"line":280,"column":0},"end":{"line":280,"column":8}},"280":{"start":{"line":281,"column":0},"end":{"line":281,"column":11}},"281":{"start":{"line":282,"column":0},"end":{"line":282,"column":14}},"282":{"start":{"line":283,"column":0},"end":{"line":283,"column":33}},"283":{"start":{"line":284,"column":0},"end":{"line":284,"column":24}},"284":{"start":{"line":285,"column":0},"end":{"line":285,"column":13}},"285":{"start":{"line":286,"column":0},"end":{"line":286,"column":27}},"286":{"start":{"line":287,"column":0},"end":{"line":287,"column":8}},"288":{"start":{"line":289,"column":0},"end":{"line":289,"column":44}},"290":{"start":{"line":291,"column":0},"end":{"line":291,"column":19}},"293":{"start":{"line":294,"column":0},"end":{"line":294,"column":73}},"294":{"start":{"line":295,"column":0},"end":{"line":295,"column":48}},"295":{"start":{"line":296,"column":0},"end":{"line":296,"column":15}},"296":{"start":{"line":297,"column":0},"end":{"line":297,"column":57}},"297":{"start":{"line":298,"column":0},"end":{"line":298,"column":58}},"298":{"start":{"line":299,"column":0},"end":{"line":299,"column":10}},"299":{"start":{"line":300,"column":0},"end":{"line":300,"column":51}},"300":{"start":{"line":301,"column":0},"end":{"line":301,"column":20}},"301":{"start":{"line":302,"column":0},"end":{"line":302,"column":31}},"302":{"start":{"line":303,"column":0},"end":{"line":303,"column":52}},"303":{"start":{"line":304,"column":0},"end":{"line":304,"column":28}},"304":{"start":{"line":305,"column":0},"end":{"line":305,"column":68}},"306":{"start":{"line":307,"column":0},"end":{"line":307,"column":24}},"307":{"start":{"line":308,"column":0},"end":{"line":308,"column":32}},"308":{"start":{"line":309,"column":0},"end":{"line":309,"column":12}},"310":{"start":{"line":311,"column":0},"end":{"line":311,"column":15}},"311":{"start":{"line":312,"column":0},"end":{"line":312,"column":57}},"312":{"start":{"line":313,"column":0},"end":{"line":313,"column":20}},"313":{"start":{"line":314,"column":0},"end":{"line":314,"column":53}},"314":{"start":{"line":315,"column":0},"end":{"line":315,"column":51}},"316":{"start":{"line":317,"column":0},"end":{"line":317,"column":9}},"318":{"start":{"line":319,"column":0},"end":{"line":319,"column":17}},"319":{"start":{"line":320,"column":0},"end":{"line":320,"column":12}},"322":{"start":{"line":323,"column":0},"end":{"line":323,"column":73}},"323":{"start":{"line":324,"column":0},"end":{"line":324,"column":57}},"324":{"start":{"line":325,"column":0},"end":{"line":325,"column":72}},"325":{"start":{"line":326,"column":0},"end":{"line":326,"column":17}},"326":{"start":{"line":327,"column":0},"end":{"line":327,"column":44}},"327":{"start":{"line":328,"column":0},"end":{"line":328,"column":33}},"328":{"start":{"line":329,"column":0},"end":{"line":329,"column":52}},"329":{"start":{"line":330,"column":0},"end":{"line":330,"column":29}},"330":{"start":{"line":331,"column":0},"end":{"line":331,"column":64}},"332":{"start":{"line":333,"column":0},"end":{"line":333,"column":45}},"333":{"start":{"line":334,"column":0},"end":{"line":334,"column":52}},"334":{"start":{"line":335,"column":0},"end":{"line":335,"column":41}},"335":{"start":{"line":336,"column":0},"end":{"line":336,"column":33}},"336":{"start":{"line":337,"column":0},"end":{"line":337,"column":54}},"337":{"start":{"line":338,"column":0},"end":{"line":338,"column":27}},"338":{"start":{"line":339,"column":0},"end":{"line":339,"column":29}},"340":{"start":{"line":341,"column":0},"end":{"line":341,"column":14}},"341":{"start":{"line":342,"column":0},"end":{"line":342,"column":19}},"342":{"start":{"line":343,"column":0},"end":{"line":343,"column":22}},"343":{"start":{"line":344,"column":0},"end":{"line":344,"column":15}},"344":{"start":{"line":345,"column":0},"end":{"line":345,"column":61}},"345":{"start":{"line":346,"column":0},"end":{"line":346,"column":60}},"346":{"start":{"line":347,"column":0},"end":{"line":347,"column":9}},"348":{"start":{"line":349,"column":0},"end":{"line":349,"column":17}},"349":{"start":{"line":350,"column":0},"end":{"line":350,"column":12}},"352":{"start":{"line":353,"column":0},"end":{"line":353,"column":73}},"353":{"start":{"line":354,"column":0},"end":{"line":354,"column":48}},"354":{"start":{"line":355,"column":0},"end":{"line":355,"column":15}},"355":{"start":{"line":356,"column":0},"end":{"line":356,"column":56}},"356":{"start":{"line":357,"column":0},"end":{"line":357,"column":57}},"357":{"start":{"line":358,"column":0},"end":{"line":358,"column":10}},"358":{"start":{"line":359,"column":0},"end":{"line":359,"column":50}},"359":{"start":{"line":360,"column":0},"end":{"line":360,"column":25}},"364":{"start":{"line":365,"column":0},"end":{"line":365,"column":33}},"365":{"start":{"line":366,"column":0},"end":{"line":366,"column":35}},"378":{"start":{"line":379,"column":0},"end":{"line":379,"column":70}},"379":{"start":{"line":380,"column":0},"end":{"line":380,"column":12}},"381":{"start":{"line":382,"column":0},"end":{"line":382,"column":54}},"382":{"start":{"line":383,"column":0},"end":{"line":383,"column":55}},"383":{"start":{"line":384,"column":0},"end":{"line":384,"column":64}},"384":{"start":{"line":385,"column":0},"end":{"line":385,"column":23}},"386":{"start":{"line":387,"column":0},"end":{"line":387,"column":15}},"387":{"start":{"line":388,"column":0},"end":{"line":388,"column":56}},"388":{"start":{"line":389,"column":0},"end":{"line":389,"column":20}},"389":{"start":{"line":390,"column":0},"end":{"line":390,"column":52}},"390":{"start":{"line":391,"column":0},"end":{"line":391,"column":54}},"392":{"start":{"line":393,"column":0},"end":{"line":393,"column":9}},"394":{"start":{"line":395,"column":0},"end":{"line":395,"column":17}},"395":{"start":{"line":396,"column":0},"end":{"line":396,"column":12}},"398":{"start":{"line":399,"column":0},"end":{"line":399,"column":73}},"399":{"start":{"line":400,"column":0},"end":{"line":400,"column":50}},"400":{"start":{"line":401,"column":0},"end":{"line":401,"column":15}},"401":{"start":{"line":402,"column":0},"end":{"line":402,"column":59}},"402":{"start":{"line":403,"column":0},"end":{"line":403,"column":60}},"403":{"start":{"line":404,"column":0},"end":{"line":404,"column":10}},"404":{"start":{"line":405,"column":0},"end":{"line":405,"column":53}},"405":{"start":{"line":406,"column":0},"end":{"line":406,"column":25}},"410":{"start":{"line":411,"column":0},"end":{"line":411,"column":36}},"411":{"start":{"line":412,"column":0},"end":{"line":412,"column":37}},"412":{"start":{"line":413,"column":0},"end":{"line":413,"column":69}},"413":{"start":{"line":414,"column":0},"end":{"line":414,"column":12}},"415":{"start":{"line":416,"column":0},"end":{"line":416,"column":53}},"416":{"start":{"line":417,"column":0},"end":{"line":417,"column":55}},"417":{"start":{"line":418,"column":0},"end":{"line":418,"column":75}},"418":{"start":{"line":419,"column":0},"end":{"line":419,"column":56}},"419":{"start":{"line":420,"column":0},"end":{"line":420,"column":23}},"421":{"start":{"line":422,"column":0},"end":{"line":422,"column":15}},"422":{"start":{"line":423,"column":0},"end":{"line":423,"column":59}},"423":{"start":{"line":424,"column":0},"end":{"line":424,"column":20}},"424":{"start":{"line":425,"column":0},"end":{"line":425,"column":55}},"425":{"start":{"line":426,"column":0},"end":{"line":426,"column":51}},"427":{"start":{"line":428,"column":0},"end":{"line":428,"column":9}},"429":{"start":{"line":430,"column":0},"end":{"line":430,"column":17}},"430":{"start":{"line":431,"column":0},"end":{"line":431,"column":12}},"431":{"start":{"line":432,"column":0},"end":{"line":432,"column":10}},"433":{"start":{"line":434,"column":0},"end":{"line":434,"column":2}},"435":{"start":{"line":436,"column":0},"end":{"line":436,"column":63}},"436":{"start":{"line":437,"column":0},"end":{"line":437,"column":33}},"437":{"start":{"line":438,"column":0},"end":{"line":438,"column":15}},"438":{"start":{"line":439,"column":0},"end":{"line":439,"column":3}},"439":{"start":{"line":440,"column":0},"end":{"line":440,"column":10}},"440":{"start":{"line":441,"column":0},"end":{"line":441,"column":7}},"441":{"start":{"line":442,"column":0},"end":{"line":442,"column":14}},"442":{"start":{"line":443,"column":0},"end":{"line":443,"column":26}},"443":{"start":{"line":444,"column":0},"end":{"line":444,"column":27}},"445":{"start":{"line":446,"column":0},"end":{"line":446,"column":8}},"447":{"start":{"line":448,"column":0},"end":{"line":448,"column":39}},"448":{"start":{"line":449,"column":0},"end":{"line":449,"column":41}},"449":{"start":{"line":450,"column":0},"end":{"line":450,"column":9}},"450":{"start":{"line":451,"column":0},"end":{"line":451,"column":9}},"452":{"start":{"line":453,"column":0},"end":{"line":453,"column":1}},"454":{"start":{"line":455,"column":0},"end":{"line":455,"column":52}},"455":{"start":{"line":456,"column":0},"end":{"line":456,"column":69}},"456":{"start":{"line":457,"column":0},"end":{"line":457,"column":31}},"457":{"start":{"line":458,"column":0},"end":{"line":458,"column":68}},"459":{"start":{"line":460,"column":0},"end":{"line":460,"column":10}},"460":{"start":{"line":461,"column":0},"end":{"line":461,"column":14}},"462":{"start":{"line":463,"column":0},"end":{"line":463,"column":7}},"464":{"start":{"line":465,"column":0},"end":{"line":465,"column":1}},"466":{"start":{"line":467,"column":0},"end":{"line":467,"column":34}},"471":{"start":{"line":472,"column":0},"end":{"line":472,"column":7}},"473":{"start":{"line":474,"column":0},"end":{"line":474,"column":33}},"475":{"start":{"line":476,"column":0},"end":{"line":476,"column":7}},"476":{"start":{"line":477,"column":0},"end":{"line":477,"column":44}},"477":{"start":{"line":478,"column":0},"end":{"line":478,"column":58}},"478":{"start":{"line":479,"column":0},"end":{"line":479,"column":56}},"479":{"start":{"line":480,"column":0},"end":{"line":480,"column":54}},"480":{"start":{"line":481,"column":0},"end":{"line":481,"column":48}},"481":{"start":{"line":482,"column":0},"end":{"line":482,"column":4}},"484":{"start":{"line":485,"column":0},"end":{"line":485,"column":34}},"486":{"start":{"line":487,"column":0},"end":{"line":487,"column":7}},"487":{"start":{"line":488,"column":0},"end":{"line":488,"column":44}},"488":{"start":{"line":489,"column":0},"end":{"line":489,"column":58}},"489":{"start":{"line":490,"column":0},"end":{"line":490,"column":56}},"490":{"start":{"line":491,"column":0},"end":{"line":491,"column":54}},"491":{"start":{"line":492,"column":0},"end":{"line":492,"column":48}},"492":{"start":{"line":493,"column":0},"end":{"line":493,"column":4}},"495":{"start":{"line":496,"column":0},"end":{"line":496,"column":37}},"497":{"start":{"line":498,"column":0},"end":{"line":498,"column":7}},"498":{"start":{"line":499,"column":0},"end":{"line":499,"column":43}},"499":{"start":{"line":500,"column":0},"end":{"line":500,"column":57}},"500":{"start":{"line":501,"column":0},"end":{"line":501,"column":55}},"501":{"start":{"line":502,"column":0},"end":{"line":502,"column":53}},"502":{"start":{"line":503,"column":0},"end":{"line":503,"column":47}},"503":{"start":{"line":504,"column":0},"end":{"line":504,"column":4}},"505":{"start":{"line":506,"column":0},"end":{"line":506,"column":10}},"506":{"start":{"line":507,"column":0},"end":{"line":507,"column":15}},"507":{"start":{"line":508,"column":0},"end":{"line":508,"column":16}},"508":{"start":{"line":509,"column":0},"end":{"line":509,"column":45}},"509":{"start":{"line":510,"column":0},"end":{"line":510,"column":43}},"510":{"start":{"line":511,"column":0},"end":{"line":511,"column":37}},"511":{"start":{"line":512,"column":0},"end":{"line":512,"column":66}},"512":{"start":{"line":513,"column":0},"end":{"line":513,"column":63}},"513":{"start":{"line":514,"column":0},"end":{"line":514,"column":27}},"514":{"start":{"line":515,"column":0},"end":{"line":515,"column":29}},"515":{"start":{"line":516,"column":0},"end":{"line":516,"column":111}},"516":{"start":{"line":517,"column":0},"end":{"line":517,"column":20}},"517":{"start":{"line":518,"column":0},"end":{"line":518,"column":27}},"518":{"start":{"line":519,"column":0},"end":{"line":519,"column":98}},"519":{"start":{"line":520,"column":0},"end":{"line":520,"column":44}},"520":{"start":{"line":521,"column":0},"end":{"line":521,"column":27}},"521":{"start":{"line":522,"column":0},"end":{"line":522,"column":41}},"522":{"start":{"line":523,"column":0},"end":{"line":523,"column":33}},"523":{"start":{"line":524,"column":0},"end":{"line":524,"column":35}},"524":{"start":{"line":525,"column":0},"end":{"line":525,"column":61}},"525":{"start":{"line":526,"column":0},"end":{"line":526,"column":38}},"526":{"start":{"line":527,"column":0},"end":{"line":527,"column":40}},"527":{"start":{"line":528,"column":0},"end":{"line":528,"column":24}},"528":{"start":{"line":529,"column":0},"end":{"line":529,"column":21}},"530":{"start":{"line":531,"column":0},"end":{"line":531,"column":29}},"531":{"start":{"line":532,"column":0},"end":{"line":532,"column":27}},"532":{"start":{"line":533,"column":0},"end":{"line":533,"column":99}},"533":{"start":{"line":534,"column":0},"end":{"line":534,"column":45}},"534":{"start":{"line":535,"column":0},"end":{"line":535,"column":27}},"535":{"start":{"line":536,"column":0},"end":{"line":536,"column":41}},"536":{"start":{"line":537,"column":0},"end":{"line":537,"column":33}},"537":{"start":{"line":538,"column":0},"end":{"line":538,"column":35}},"538":{"start":{"line":539,"column":0},"end":{"line":539,"column":62}},"539":{"start":{"line":540,"column":0},"end":{"line":540,"column":38}},"540":{"start":{"line":541,"column":0},"end":{"line":541,"column":40}},"541":{"start":{"line":542,"column":0},"end":{"line":542,"column":24}},"542":{"start":{"line":543,"column":0},"end":{"line":543,"column":21}},"544":{"start":{"line":545,"column":0},"end":{"line":545,"column":29}},"545":{"start":{"line":546,"column":0},"end":{"line":546,"column":51}},"546":{"start":{"line":547,"column":0},"end":{"line":547,"column":29}},"547":{"start":{"line":548,"column":0},"end":{"line":548,"column":62}},"548":{"start":{"line":549,"column":0},"end":{"line":549,"column":42}},"549":{"start":{"line":550,"column":0},"end":{"line":550,"column":59}},"550":{"start":{"line":551,"column":0},"end":{"line":551,"column":23}},"552":{"start":{"line":553,"column":0},"end":{"line":553,"column":31}},"554":{"start":{"line":555,"column":0},"end":{"line":555,"column":21}},"556":{"start":{"line":557,"column":0},"end":{"line":557,"column":20}},"557":{"start":{"line":558,"column":0},"end":{"line":558,"column":24}},"558":{"start":{"line":559,"column":0},"end":{"line":559,"column":18}},"559":{"start":{"line":560,"column":0},"end":{"line":560,"column":10}},"560":{"start":{"line":561,"column":0},"end":{"line":561,"column":17}},"561":{"start":{"line":562,"column":0},"end":{"line":562,"column":16}},"563":{"start":{"line":564,"column":0},"end":{"line":564,"column":2}},"565":{"start":{"line":566,"column":0},"end":{"line":566,"column":31}},"569":{"start":{"line":570,"column":0},"end":{"line":570,"column":7}},"570":{"start":{"line":571,"column":0},"end":{"line":571,"column":10}},"571":{"start":{"line":572,"column":0},"end":{"line":572,"column":15}},"572":{"start":{"line":573,"column":0},"end":{"line":573,"column":32}},"573":{"start":{"line":574,"column":0},"end":{"line":574,"column":33}},"574":{"start":{"line":575,"column":0},"end":{"line":575,"column":47}},"575":{"start":{"line":576,"column":0},"end":{"line":576,"column":45}},"576":{"start":{"line":577,"column":0},"end":{"line":577,"column":39}},"577":{"start":{"line":578,"column":0},"end":{"line":578,"column":48}},"578":{"start":{"line":579,"column":0},"end":{"line":579,"column":75}},"579":{"start":{"line":580,"column":0},"end":{"line":580,"column":73}},"581":{"start":{"line":582,"column":0},"end":{"line":582,"column":48}},"582":{"start":{"line":583,"column":0},"end":{"line":583,"column":50}},"584":{"start":{"line":585,"column":0},"end":{"line":585,"column":48}},"585":{"start":{"line":586,"column":0},"end":{"line":586,"column":52}},"586":{"start":{"line":587,"column":0},"end":{"line":587,"column":60}},"587":{"start":{"line":588,"column":0},"end":{"line":588,"column":48}},"588":{"start":{"line":589,"column":0},"end":{"line":589,"column":75}},"589":{"start":{"line":590,"column":0},"end":{"line":590,"column":66}},"590":{"start":{"line":591,"column":0},"end":{"line":591,"column":26}},"591":{"start":{"line":592,"column":0},"end":{"line":592,"column":20}},"592":{"start":{"line":593,"column":0},"end":{"line":593,"column":12}},"593":{"start":{"line":594,"column":0},"end":{"line":594,"column":19}},"594":{"start":{"line":595,"column":0},"end":{"line":595,"column":9}},"595":{"start":{"line":596,"column":0},"end":{"line":596,"column":16}},"597":{"start":{"line":598,"column":0},"end":{"line":598,"column":2}},"599":{"start":{"line":600,"column":0},"end":{"line":600,"column":54}},"601":{"start":{"line":602,"column":0},"end":{"line":602,"column":42}},"602":{"start":{"line":603,"column":0},"end":{"line":603,"column":52}},"603":{"start":{"line":604,"column":0},"end":{"line":604,"column":20}},"604":{"start":{"line":605,"column":0},"end":{"line":605,"column":4}},"607":{"start":{"line":608,"column":0},"end":{"line":608,"column":55}},"608":{"start":{"line":609,"column":0},"end":{"line":609,"column":54}},"609":{"start":{"line":610,"column":0},"end":{"line":610,"column":4}},"612":{"start":{"line":613,"column":0},"end":{"line":613,"column":68}},"613":{"start":{"line":614,"column":0},"end":{"line":614,"column":9}},"614":{"start":{"line":615,"column":0},"end":{"line":615,"column":19}},"615":{"start":{"line":616,"column":0},"end":{"line":616,"column":23}},"616":{"start":{"line":617,"column":0},"end":{"line":617,"column":24}},"617":{"start":{"line":618,"column":0},"end":{"line":618,"column":20}},"618":{"start":{"line":619,"column":0},"end":{"line":619,"column":12}},"619":{"start":{"line":620,"column":0},"end":{"line":620,"column":59}},"622":{"start":{"line":623,"column":0},"end":{"line":623,"column":69}},"623":{"start":{"line":624,"column":0},"end":{"line":624,"column":46}},"626":{"start":{"line":627,"column":0},"end":{"line":627,"column":80}},"630":{"start":{"line":631,"column":0},"end":{"line":631,"column":26}},"631":{"start":{"line":632,"column":0},"end":{"line":632,"column":46}},"632":{"start":{"line":633,"column":0},"end":{"line":633,"column":16}},"633":{"start":{"line":634,"column":0},"end":{"line":634,"column":4}},"635":{"start":{"line":636,"column":0},"end":{"line":636,"column":29}},"636":{"start":{"line":637,"column":0},"end":{"line":637,"column":48}},"637":{"start":{"line":638,"column":0},"end":{"line":638,"column":16}},"638":{"start":{"line":639,"column":0},"end":{"line":639,"column":4}},"645":{"start":{"line":646,"column":0},"end":{"line":646,"column":10}},"646":{"start":{"line":647,"column":0},"end":{"line":647,"column":23}},"648":{"start":{"line":649,"column":0},"end":{"line":649,"column":10}},"649":{"start":{"line":650,"column":0},"end":{"line":650,"column":13}},"650":{"start":{"line":651,"column":0},"end":{"line":651,"column":26}},"651":{"start":{"line":652,"column":0},"end":{"line":652,"column":53}},"652":{"start":{"line":653,"column":0},"end":{"line":653,"column":17}},"653":{"start":{"line":654,"column":0},"end":{"line":654,"column":16}},"654":{"start":{"line":655,"column":0},"end":{"line":655,"column":35}},"655":{"start":{"line":656,"column":0},"end":{"line":656,"column":10}},"657":{"start":{"line":658,"column":0},"end":{"line":658,"column":15}},"658":{"start":{"line":659,"column":0},"end":{"line":659,"column":29}},"659":{"start":{"line":660,"column":0},"end":{"line":660,"column":52}},"660":{"start":{"line":661,"column":0},"end":{"line":661,"column":39}},"661":{"start":{"line":662,"column":0},"end":{"line":662,"column":9}},"663":{"start":{"line":664,"column":0},"end":{"line":664,"column":17}},"666":{"start":{"line":667,"column":0},"end":{"line":667,"column":30}},"667":{"start":{"line":668,"column":0},"end":{"line":668,"column":35}},"668":{"start":{"line":669,"column":0},"end":{"line":669,"column":41}},"669":{"start":{"line":670,"column":0},"end":{"line":670,"column":37}},"670":{"start":{"line":671,"column":0},"end":{"line":671,"column":33}},"671":{"start":{"line":672,"column":0},"end":{"line":672,"column":27}},"672":{"start":{"line":673,"column":0},"end":{"line":673,"column":10}},"673":{"start":{"line":674,"column":0},"end":{"line":674,"column":12}},"676":{"start":{"line":677,"column":0},"end":{"line":677,"column":35}},"677":{"start":{"line":678,"column":0},"end":{"line":678,"column":32}},"678":{"start":{"line":679,"column":0},"end":{"line":679,"column":51}},"679":{"start":{"line":680,"column":0},"end":{"line":680,"column":39}},"680":{"start":{"line":681,"column":0},"end":{"line":681,"column":37}},"681":{"start":{"line":682,"column":0},"end":{"line":682,"column":44}},"682":{"start":{"line":683,"column":0},"end":{"line":683,"column":33}},"683":{"start":{"line":684,"column":0},"end":{"line":684,"column":25}},"684":{"start":{"line":685,"column":0},"end":{"line":685,"column":8}},"687":{"start":{"line":688,"column":0},"end":{"line":688,"column":55}},"688":{"start":{"line":689,"column":0},"end":{"line":689,"column":63}},"689":{"start":{"line":690,"column":0},"end":{"line":690,"column":27}},"690":{"start":{"line":691,"column":0},"end":{"line":691,"column":43}},"691":{"start":{"line":692,"column":0},"end":{"line":692,"column":33}},"692":{"start":{"line":693,"column":0},"end":{"line":693,"column":39}},"693":{"start":{"line":694,"column":0},"end":{"line":694,"column":41}},"694":{"start":{"line":695,"column":0},"end":{"line":695,"column":12}},"695":{"start":{"line":696,"column":0},"end":{"line":696,"column":24}},"696":{"start":{"line":697,"column":0},"end":{"line":697,"column":29}},"697":{"start":{"line":698,"column":0},"end":{"line":698,"column":43}},"698":{"start":{"line":699,"column":0},"end":{"line":699,"column":41}},"699":{"start":{"line":700,"column":0},"end":{"line":700,"column":12}},"700":{"start":{"line":701,"column":0},"end":{"line":701,"column":16}},"701":{"start":{"line":702,"column":0},"end":{"line":702,"column":23}},"706":{"start":{"line":707,"column":0},"end":{"line":707,"column":10}},"708":{"start":{"line":709,"column":0},"end":{"line":709,"column":2}},"715":{"start":{"line":716,"column":0},"end":{"line":716,"column":27}}},"s":{"0":1,"2":1,"26":1,"29":1,"30":1,"31":1,"36":1,"38":1,"83":1,"84":1,"85":1,"86":1,"87":1,"88":1,"89":1,"90":1,"91":1,"92":1,"93":1,"94":1,"95":1,"96":1,"98":1,"171":1,"175":0,"176":0,"177":0,"178":0,"179":0,"180":0,"181":0,"182":0,"183":0,"184":0,"185":0,"186":0,"188":0,"189":0,"190":0,"191":0,"193":0,"195":1,"203":12,"204":12,"205":12,"206":12,"207":12,"208":12,"209":12,"210":12,"211":12,"212":12,"213":12,"214":12,"215":12,"216":12,"217":12,"218":12,"219":12,"221":12,"223":12,"225":12,"226":12,"227":12,"228":12,"229":12,"230":12,"231":12,"232":0,"233":0,"234":0,"237":12,"238":12,"239":12,"240":12,"241":24,"242":24,"243":24,"245":24,"246":12,"247":12,"248":12,"249":12,"251":12,"252":12,"254":12,"256":12,"257":12,"258":12,"259":12,"260":12,"261":12,"263":12,"265":12,"266":12,"267":12,"269":12,"271":1,"277":12,"278":12,"279":12,"280":12,"281":12,"282":12,"283":12,"284":12,"285":12,"286":12,"288":12,"290":12,"293":12,"294":12,"295":12,"296":12,"297":12,"298":12,"299":12,"300":0,"301":0,"302":0,"303":0,"304":0,"306":0,"307":0,"308":0,"310":12,"311":12,"312":12,"313":12,"314":12,"316":12,"318":12,"319":12,"322":12,"323":12,"324":12,"325":12,"326":12,"327":12,"328":12,"329":12,"330":12,"332":12,"333":12,"334":12,"335":36,"336":24,"337":24,"338":24,"340":12,"341":12,"342":12,"343":12,"344":12,"345":12,"346":12,"348":12,"349":12,"352":12,"353":12,"354":12,"355":12,"356":12,"357":12,"358":12,"359":0,"364":0,"365":0,"378":0,"379":0,"381":12,"382":0,"383":0,"384":0,"386":12,"387":12,"388":12,"389":12,"390":12,"392":12,"394":12,"395":12,"398":12,"399":12,"400":12,"401":12,"402":12,"403":12,"404":12,"405":0,"410":0,"411":0,"412":0,"413":0,"415":12,"416":0,"417":0,"418":0,"419":0,"421":12,"422":12,"423":12,"424":12,"425":12,"427":12,"429":12,"430":12,"431":12,"433":12,"435":48,"436":48,"437":0,"438":0,"439":48,"440":48,"441":48,"442":48,"443":48,"445":48,"447":48,"448":120,"449":48,"450":48,"452":48,"454":96,"455":96,"456":96,"457":96,"459":96,"460":96,"462":0,"464":96,"466":1,"471":12,"473":12,"475":12,"476":12,"477":12,"478":12,"479":12,"480":12,"481":12,"484":12,"486":12,"487":12,"488":12,"489":12,"490":12,"491":12,"492":12,"495":12,"497":12,"498":12,"499":12,"500":12,"501":12,"502":12,"503":12,"505":12,"506":12,"507":12,"508":12,"509":156,"510":120,"511":120,"512":120,"513":120,"514":120,"515":120,"516":48,"517":48,"518":48,"519":48,"520":48,"521":48,"522":48,"523":48,"524":48,"525":3,"526":45,"527":48,"528":48,"530":48,"531":48,"532":48,"533":48,"534":48,"535":48,"536":48,"537":48,"538":48,"539":2,"540":46,"541":48,"542":48,"544":48,"545":48,"546":5,"547":5,"548":5,"549":5,"550":5,"552":5,"554":48,"556":120,"557":120,"558":36,"559":12,"560":12,"561":12,"563":12,"565":1,"569":12,"570":12,"571":12,"572":12,"573":48,"574":48,"575":624,"576":480,"577":480,"578":480,"579":480,"581":480,"582":48,"584":480,"585":480,"586":480,"587":480,"588":480,"589":480,"590":480,"591":144,"592":48,"593":48,"594":12,"595":12,"597":12,"599":1,"601":12,"602":12,"603":12,"604":12,"607":12,"608":12,"609":12,"612":12,"613":12,"614":12,"615":12,"616":12,"617":12,"618":12,"619":12,"622":12,"623":12,"626":12,"630":12,"631":12,"632":12,"633":12,"635":12,"636":12,"637":12,"638":12,"645":12,"646":12,"648":12,"649":12,"650":12,"651":12,"652":12,"653":12,"654":12,"655":12,"657":12,"658":12,"659":12,"660":12,"661":12,"663":12,"666":12,"667":12,"668":12,"669":12,"670":12,"671":12,"672":12,"673":12,"676":12,"677":12,"678":12,"679":12,"680":12,"681":12,"682":12,"683":12,"684":12,"687":12,"688":12,"689":12,"690":12,"691":12,"692":12,"693":12,"694":12,"695":12,"696":12,"697":12,"698":12,"699":12,"700":12,"701":12,"706":12,"708":12,"715":1},"branchMap":{"0":{"type":"branch","line":196,"loc":{"start":{"line":196,"column":37},"end":{"line":270,"column":2}},"locations":[{"start":{"line":196,"column":37},"end":{"line":270,"column":2}}]},"1":{"type":"branch","line":241,"loc":{"start":{"line":241,"column":45},"end":{"line":246,"column":27}},"locations":[{"start":{"line":241,"column":45},"end":{"line":246,"column":27}}]},"2":{"type":"branch","line":272,"loc":{"start":{"line":272,"column":30},"end":{"line":434,"column":2}},"locations":[{"start":{"line":272,"column":30},"end":{"line":434,"column":2}}]},"3":{"type":"branch","line":300,"loc":{"start":{"line":300,"column":27},"end":{"line":309,"column":12}},"locations":[{"start":{"line":300,"column":27},"end":{"line":309,"column":12}}]},"4":{"type":"branch","line":359,"loc":{"start":{"line":359,"column":27},"end":{"line":380,"column":12}},"locations":[{"start":{"line":359,"column":27},"end":{"line":380,"column":12}}]},"5":{"type":"branch","line":382,"loc":{"start":{"line":382,"column":48},"end":{"line":385,"column":23}},"locations":[{"start":{"line":382,"column":48},"end":{"line":385,"column":23}}]},"6":{"type":"branch","line":405,"loc":{"start":{"line":405,"column":27},"end":{"line":414,"column":12}},"locations":[{"start":{"line":405,"column":27},"end":{"line":414,"column":12}}]},"7":{"type":"branch","line":416,"loc":{"start":{"line":416,"column":46},"end":{"line":420,"column":23}},"locations":[{"start":{"line":416,"column":46},"end":{"line":420,"column":23}}]},"8":{"type":"branch","line":335,"loc":{"start":{"line":335,"column":14},"end":{"line":339,"column":29}},"locations":[{"start":{"line":335,"column":14},"end":{"line":339,"column":29}}]},"9":{"type":"branch","line":336,"loc":{"start":{"line":336,"column":26},"end":{"line":339,"column":29}},"locations":[{"start":{"line":336,"column":26},"end":{"line":339,"column":29}}]},"10":{"type":"branch","line":436,"loc":{"start":{"line":436,"column":0},"end":{"line":453,"column":1}},"locations":[{"start":{"line":436,"column":0},"end":{"line":453,"column":1}}]},"11":{"type":"branch","line":437,"loc":{"start":{"line":437,"column":32},"end":{"line":439,"column":3}},"locations":[{"start":{"line":437,"column":32},"end":{"line":439,"column":3}}]},"12":{"type":"branch","line":448,"loc":{"start":{"line":448,"column":15},"end":{"line":449,"column":41}},"locations":[{"start":{"line":448,"column":15},"end":{"line":449,"column":41}}]},"13":{"type":"branch","line":455,"loc":{"start":{"line":455,"column":0},"end":{"line":465,"column":1}},"locations":[{"start":{"line":455,"column":0},"end":{"line":465,"column":1}}]},"14":{"type":"branch","line":461,"loc":{"start":{"line":461,"column":4},"end":{"line":463,"column":7}},"locations":[{"start":{"line":461,"column":4},"end":{"line":463,"column":7}}]},"15":{"type":"branch","line":467,"loc":{"start":{"line":467,"column":25},"end":{"line":564,"column":2}},"locations":[{"start":{"line":467,"column":25},"end":{"line":564,"column":2}}]},"16":{"type":"branch","line":509,"loc":{"start":{"line":509,"column":33},"end":{"line":559,"column":18}},"locations":[{"start":{"line":509,"column":33},"end":{"line":559,"column":18}}]},"17":{"type":"branch","line":510,"loc":{"start":{"line":510,"column":38},"end":{"line":558,"column":24}},"locations":[{"start":{"line":510,"column":38},"end":{"line":558,"column":24}}]},"18":{"type":"branch","line":516,"loc":{"start":{"line":516,"column":40},"end":{"line":555,"column":21}},"locations":[{"start":{"line":516,"column":40},"end":{"line":555,"column":21}}]},"19":{"type":"branch","line":525,"loc":{"start":{"line":525,"column":56},"end":{"line":526,"column":38}},"locations":[{"start":{"line":525,"column":56},"end":{"line":526,"column":38}}]},"20":{"type":"branch","line":526,"loc":{"start":{"line":526,"column":30},"end":{"line":527,"column":40}},"locations":[{"start":{"line":526,"column":30},"end":{"line":527,"column":40}}]},"21":{"type":"branch","line":539,"loc":{"start":{"line":539,"column":56},"end":{"line":540,"column":38}},"locations":[{"start":{"line":539,"column":56},"end":{"line":540,"column":38}}]},"22":{"type":"branch","line":540,"loc":{"start":{"line":540,"column":30},"end":{"line":541,"column":40}},"locations":[{"start":{"line":540,"column":30},"end":{"line":541,"column":40}}]},"23":{"type":"branch","line":546,"loc":{"start":{"line":546,"column":45},"end":{"line":553,"column":31}},"locations":[{"start":{"line":546,"column":45},"end":{"line":553,"column":31}}]},"24":{"type":"branch","line":558,"loc":{"start":{"line":558,"column":12},"end":{"line":559,"column":18}},"locations":[{"start":{"line":558,"column":12},"end":{"line":559,"column":18}}]},"25":{"type":"branch","line":519,"loc":{"start":{"line":519,"column":31},"end":{"line":519,"column":98}},"locations":[{"start":{"line":519,"column":31},"end":{"line":519,"column":98}}]},"26":{"type":"branch","line":533,"loc":{"start":{"line":533,"column":31},"end":{"line":533,"column":99}},"locations":[{"start":{"line":533,"column":31},"end":{"line":533,"column":99}}]},"27":{"type":"branch","line":566,"loc":{"start":{"line":566,"column":22},"end":{"line":598,"column":2}},"locations":[{"start":{"line":566,"column":22},"end":{"line":598,"column":2}}]},"28":{"type":"branch","line":573,"loc":{"start":{"line":573,"column":22},"end":{"line":594,"column":19}},"locations":[{"start":{"line":573,"column":22},"end":{"line":594,"column":19}}]},"29":{"type":"branch","line":575,"loc":{"start":{"line":575,"column":35},"end":{"line":592,"column":20}},"locations":[{"start":{"line":575,"column":35},"end":{"line":592,"column":20}}]},"30":{"type":"branch","line":576,"loc":{"start":{"line":576,"column":40},"end":{"line":591,"column":26}},"locations":[{"start":{"line":576,"column":40},"end":{"line":591,"column":26}}]},"31":{"type":"branch","line":578,"loc":{"start":{"line":578,"column":29},"end":{"line":578,"column":48}},"locations":[{"start":{"line":578,"column":29},"end":{"line":578,"column":48}}]},"32":{"type":"branch","line":579,"loc":{"start":{"line":579,"column":29},"end":{"line":579,"column":75}},"locations":[{"start":{"line":579,"column":29},"end":{"line":579,"column":75}}]},"33":{"type":"branch","line":580,"loc":{"start":{"line":580,"column":29},"end":{"line":580,"column":73}},"locations":[{"start":{"line":580,"column":29},"end":{"line":580,"column":73}}]},"34":{"type":"branch","line":582,"loc":{"start":{"line":582,"column":29},"end":{"line":583,"column":50}},"locations":[{"start":{"line":582,"column":29},"end":{"line":583,"column":50}}]},"35":{"type":"branch","line":585,"loc":{"start":{"line":585,"column":29},"end":{"line":585,"column":48}},"locations":[{"start":{"line":585,"column":29},"end":{"line":585,"column":48}}]},"36":{"type":"branch","line":586,"loc":{"start":{"line":586,"column":29},"end":{"line":586,"column":52}},"locations":[{"start":{"line":586,"column":29},"end":{"line":586,"column":52}}]},"37":{"type":"branch","line":587,"loc":{"start":{"line":587,"column":29},"end":{"line":587,"column":60}},"locations":[{"start":{"line":587,"column":29},"end":{"line":587,"column":60}}]},"38":{"type":"branch","line":588,"loc":{"start":{"line":588,"column":29},"end":{"line":588,"column":48}},"locations":[{"start":{"line":588,"column":29},"end":{"line":588,"column":48}}]},"39":{"type":"branch","line":589,"loc":{"start":{"line":589,"column":29},"end":{"line":589,"column":75}},"locations":[{"start":{"line":589,"column":29},"end":{"line":589,"column":75}}]},"40":{"type":"branch","line":590,"loc":{"start":{"line":590,"column":29},"end":{"line":590,"column":66}},"locations":[{"start":{"line":590,"column":29},"end":{"line":590,"column":66}}]},"41":{"type":"branch","line":591,"loc":{"start":{"line":591,"column":14},"end":{"line":592,"column":20}},"locations":[{"start":{"line":591,"column":14},"end":{"line":592,"column":20}}]},"42":{"type":"branch","line":600,"loc":{"start":{"line":600,"column":20},"end":{"line":709,"column":2}},"locations":[{"start":{"line":600,"column":20},"end":{"line":709,"column":2}}]},"43":{"type":"branch","line":603,"loc":{"start":{"line":603,"column":4},"end":{"line":603,"column":52}},"locations":[{"start":{"line":603,"column":4},"end":{"line":603,"column":52}}]},"44":{"type":"branch","line":609,"loc":{"start":{"line":609,"column":4},"end":{"line":609,"column":54}},"locations":[{"start":{"line":609,"column":4},"end":{"line":609,"column":54}}]},"45":{"type":"branch","line":632,"loc":{"start":{"line":632,"column":4},"end":{"line":632,"column":46}},"locations":[{"start":{"line":632,"column":4},"end":{"line":632,"column":46}}]},"46":{"type":"branch","line":637,"loc":{"start":{"line":637,"column":4},"end":{"line":637,"column":48}},"locations":[{"start":{"line":637,"column":4},"end":{"line":637,"column":48}}]}},"b":{"0":[12],"1":[24],"2":[12],"3":[0],"4":[0],"5":[0],"6":[0],"7":[0],"8":[36],"9":[24],"10":[48],"11":[0],"12":[120],"13":[96],"14":[0],"15":[12],"16":[156],"17":[120],"18":[48],"19":[3],"20":[45],"21":[2],"22":[46],"23":[5],"24":[36],"25":[3],"26":[2],"27":[12],"28":[48],"29":[624],"30":[480],"31":[48],"32":[48],"33":[0],"34":[48],"35":[48],"36":[48],"37":[48],"38":[48],"39":[48],"40":[48],"41":[144],"42":[12],"43":[5],"44":[48],"45":[12],"46":[12]},"fnMap":{"0":{"name":"ColumnVisibilityToggles","decl":{"start":{"line":172,"column":32},"end":{"line":194,"column":2}},"loc":{"start":{"line":172,"column":32},"end":{"line":194,"column":2}},"line":172},"1":{"name":"ColumnVisibilityControlModal","decl":{"start":{"line":196,"column":37},"end":{"line":270,"column":2}},"loc":{"start":{"line":196,"column":37},"end":{"line":270,"column":2}},"line":196},"2":{"name":"onChange","decl":{"start":{"line":232,"column":24},"end":{"line":235,"column":17}},"loc":{"start":{"line":232,"column":24},"end":{"line":235,"column":17}},"line":232},"3":{"name":"FilterControlsSection","decl":{"start":{"line":272,"column":30},"end":{"line":434,"column":2}},"loc":{"start":{"line":272,"column":30},"end":{"line":434,"column":2}},"line":272},"4":{"name":"onChange","decl":{"start":{"line":304,"column":22},"end":{"line":305,"column":68}},"loc":{"start":{"line":304,"column":22},"end":{"line":305,"column":68}},"line":304},"5":{"name":"displayListInBulletPoints","decl":{"start":{"line":436,"column":0},"end":{"line":453,"column":1}},"loc":{"start":{"line":436,"column":0},"end":{"line":453,"column":1}},"line":436},"6":{"name":"displayURL","decl":{"start":{"line":455,"column":0},"end":{"line":465,"column":1}},"loc":{"start":{"line":455,"column":0},"end":{"line":465,"column":1}},"line":455},"7":{"name":"TableHeaderCells","decl":{"start":{"line":467,"column":25},"end":{"line":564,"column":2}},"loc":{"start":{"line":467,"column":25},"end":{"line":564,"column":2}},"line":467},"8":{"name":"onClick","decl":{"start":{"line":519,"column":31},"end":{"line":519,"column":98}},"loc":{"start":{"line":519,"column":31},"end":{"line":519,"column":98}},"line":519},"9":{"name":"onClick","decl":{"start":{"line":533,"column":31},"end":{"line":533,"column":99}},"loc":{"start":{"line":533,"column":31},"end":{"line":533,"column":99}},"line":533},"10":{"name":"TableBodyRows","decl":{"start":{"line":566,"column":22},"end":{"line":598,"column":2}},"loc":{"start":{"line":566,"column":22},"end":{"line":598,"column":2}},"line":566},"11":{"name":"CustomTable","decl":{"start":{"line":600,"column":20},"end":{"line":709,"column":2}},"loc":{"start":{"line":600,"column":20},"end":{"line":709,"column":2}},"line":600},"12":{"name":"onClick","decl":{"start":{"line":660,"column":19},"end":{"line":660,"column":52}},"loc":{"start":{"line":660,"column":19},"end":{"line":660,"column":52}},"line":660},"13":{"name":"onClose","decl":{"start":{"line":679,"column":17},"end":{"line":679,"column":51}},"loc":{"start":{"line":679,"column":17},"end":{"line":679,"column":51}},"line":679}},"f":{"0":0,"1":12,"2":0,"3":12,"4":0,"5":48,"6":96,"7":12,"8":3,"9":2,"10":12,"11":12,"12":0,"13":0}}
,"C:\\Users\\Chans\\Downloads\\coding-projects\\coding-projects-2025\\csreadings\\src\\main.tsx": {"path":"C:\\Users\\Chans\\Downloads\\coding-projects\\coding-projects-2025\\csreadings\\src\\main.tsx","all":true,"statementMap":{"0":{"start":{"line":1,"column":0},"end":{"line":1,"column":34}},"1":{"start":{"line":2,"column":0},"end":{"line":2,"column":45}},"2":{"start":{"line":3,"column":0},"end":{"line":3,"column":20}},"3":{"start":{"line":4,"column":0},"end":{"line":4,"column":27}},"5":{"start":{"line":6,"column":0},"end":{"line":6,"column":52}},"6":{"start":{"line":7,"column":0},"end":{"line":7,"column":14}},"7":{"start":{"line":8,"column":0},"end":{"line":8,"column":11}},"8":{"start":{"line":9,"column":0},"end":{"line":9,"column":16}},"9":{"start":{"line":10,"column":0},"end":{"line":10,"column":1}}},"s":{"0":0,"1":0,"2":0,"3":0,"5":0,"6":0,"7":0,"8":0,"9":0},"branchMap":{"0":{"type":"branch","line":1,"loc":{"start":{"line":1,"column":203},"end":{"line":10,"column":-148}},"locations":[{"start":{"line":1,"column":203},"end":{"line":10,"column":-148}}]}},"b":{"0":[0]},"fnMap":{"0":{"name":"(empty-report)","decl":{"start":{"line":1,"column":203},"end":{"line":10,"column":-148}},"loc":{"start":{"line":1,"column":203},"end":{"line":10,"column":-148}},"line":1}},"f":{"0":0}}
,"C:\\Users\\Chans\\Downloads\\coding-projects\\coding-projects-2025\\csreadings\\src\\apis\\CSNotionPages.tsx": {"path":"C:\\Users\\Chans\\Downloads\\coding-projects\\coding-projects-2025\\csreadings\\src\\apis\\CSNotionPages.tsx","all":true,"statementMap":{"3":{"start":{"line":4,"column":0},"end":{"line":4,"column":44}},"4":{"start":{"line":5,"column":0},"end":{"line":5,"column":26}},"5":{"start":{"line":6,"column":0},"end":{"line":6,"column":37}},"12":{"start":{"line":13,"column":0},"end":{"line":13,"column":56}},"13":{"start":{"line":14,"column":0},"end":{"line":14,"column":10}},"14":{"start":{"line":15,"column":0},"end":{"line":15,"column":9}},"15":{"start":{"line":16,"column":0},"end":{"line":16,"column":47}},"16":{"start":{"line":17,"column":0},"end":{"line":17,"column":10}},"18":{"start":{"line":19,"column":0},"end":{"line":19,"column":2}},"20":{"start":{"line":21,"column":0},"end":{"line":21,"column":29}},"21":{"start":{"line":22,"column":0},"end":{"line":22,"column":49}},"22":{"start":{"line":23,"column":0},"end":{"line":23,"column":81}},"24":{"start":{"line":25,"column":0},"end":{"line":25,"column":19}},"25":{"start":{"line":26,"column":0},"end":{"line":26,"column":89}},"29":{"start":{"line":30,"column":0},"end":{"line":30,"column":9}},"30":{"start":{"line":31,"column":0},"end":{"line":31,"column":22}},"31":{"start":{"line":32,"column":0},"end":{"line":32,"column":22}},"32":{"start":{"line":33,"column":0},"end":{"line":33,"column":41}},"33":{"start":{"line":34,"column":0},"end":{"line":34,"column":26}},"34":{"start":{"line":35,"column":0},"end":{"line":35,"column":73}},"35":{"start":{"line":36,"column":0},"end":{"line":36,"column":27}},"36":{"start":{"line":37,"column":0},"end":{"line":37,"column":8}},"37":{"start":{"line":38,"column":0},"end":{"line":38,"column":25}},"38":{"start":{"line":39,"column":0},"end":{"line":39,"column":53}},"39":{"start":{"line":40,"column":0},"end":{"line":40,"column":66}},"40":{"start":{"line":41,"column":0},"end":{"line":41,"column":9}},"41":{"start":{"line":42,"column":0},"end":{"line":42,"column":9}},"43":{"start":{"line":44,"column":0},"end":{"line":44,"column":18}},"44":{"start":{"line":45,"column":0},"end":{"line":45,"column":60}},"45":{"start":{"line":46,"column":0},"end":{"line":46,"column":3}},"47":{"start":{"line":48,"column":0},"end":{"line":48,"column":44}},"48":{"start":{"line":49,"column":0},"end":{"line":49,"column":2}},"50":{"start":{"line":51,"column":0},"end":{"line":51,"column":29}}},"s":{"3":0,"4":0,"5":0,"12":0,"13":0,"14":0,"15":0,"16":0,"18":0,"20":0,"21":0,"22":0,"24":0,"25":0,"29":0,"30":0,"31":0,"32":0,"33":0,"34":0,"35":0,"36":0,"37":0,"38":0,"39":0,"40":0,"41":0,"43":0,"44":0,"45":0,"47":0,"48":0,"50":0},"branchMap":{"0":{"type":"branch","line":1,"loc":{"start":{"line":1,"column":350},"end":{"line":51,"column":-503}},"locations":[{"start":{"line":1,"column":350},"end":{"line":51,"column":-503}}]}},"b":{"0":[1]},"fnMap":{"0":{"name":"(empty-report)","decl":{"start":{"line":1,"column":350},"end":{"line":51,"column":-503}},"loc":{"start":{"line":1,"column":350},"end":{"line":51,"column":-503}},"line":1}},"f":{"0":1}}
,"C:\\Users\\Chans\\Downloads\\coding-projects\\coding-projects-2025\\csreadings\\src\\apis\\CSNotionPages2.tsx": {"path":"C:\\Users\\Chans\\Downloads\\coding-projects\\coding-projects-2025\\csreadings\\src\\apis\\CSNotionPages2.tsx","all":false,"statementMap":{"4":{"start":{"line":5,"column":0},"end":{"line":5,"column":44}},"5":{"start":{"line":6,"column":0},"end":{"line":6,"column":26}},"6":{"start":{"line":7,"column":0},"end":{"line":7,"column":38}},"27":{"start":{"line":28,"column":0},"end":{"line":28,"column":56}},"28":{"start":{"line":29,"column":0},"end":{"line":29,"column":10}},"29":{"start":{"line":30,"column":0},"end":{"line":30,"column":9}},"30":{"start":{"line":31,"column":0},"end":{"line":31,"column":47}},"31":{"start":{"line":32,"column":0},"end":{"line":32,"column":10}},"33":{"start":{"line":34,"column":0},"end":{"line":34,"column":2}},"35":{"start":{"line":36,"column":0},"end":{"line":36,"column":30}},"36":{"start":{"line":37,"column":0},"end":{"line":37,"column":49}},"37":{"start":{"line":38,"column":0},"end":{"line":38,"column":60}},"38":{"start":{"line":39,"column":0},"end":{"line":39,"column":60}},"40":{"start":{"line":41,"column":0},"end":{"line":41,"column":33}},"41":{"start":{"line":42,"column":0},"end":{"line":42,"column":23}},"42":{"start":{"line":43,"column":0},"end":{"line":43,"column":9}},"43":{"start":{"line":44,"column":0},"end":{"line":44,"column":51}},"44":{"start":{"line":45,"column":0},"end":{"line":45,"column":44}},"45":{"start":{"line":46,"column":0},"end":{"line":46,"column":24}},"48":{"start":{"line":49,"column":0},"end":{"line":49,"column":37}},"49":{"start":{"line":50,"column":0},"end":{"line":50,"column":33}},"50":{"start":{"line":51,"column":0},"end":{"line":51,"column":50}},"51":{"start":{"line":52,"column":0},"end":{"line":52,"column":9}},"53":{"start":{"line":54,"column":0},"end":{"line":54,"column":21}},"54":{"start":{"line":55,"column":0},"end":{"line":55,"column":51}},"55":{"start":{"line":56,"column":0},"end":{"line":56,"column":15}},"56":{"start":{"line":57,"column":0},"end":{"line":57,"column":26}},"57":{"start":{"line":58,"column":0},"end":{"line":58,"column":5}},"58":{"start":{"line":59,"column":0},"end":{"line":59,"column":4}},"60":{"start":{"line":61,"column":0},"end":{"line":61,"column":19}},"61":{"start":{"line":62,"column":0},"end":{"line":62,"column":16}},"62":{"start":{"line":63,"column":0},"end":{"line":63,"column":9}},"92":{"start":{"line":93,"column":0},"end":{"line":93,"column":18}},"93":{"start":{"line":94,"column":0},"end":{"line":94,"column":33}},"94":{"start":{"line":95,"column":0},"end":{"line":95,"column":3}},"96":{"start":{"line":97,"column":0},"end":{"line":97,"column":10}},"97":{"start":{"line":98,"column":0},"end":{"line":98,"column":9}},"103":{"start":{"line":104,"column":0},"end":{"line":104,"column":17}},"109":{"start":{"line":110,"column":0},"end":{"line":110,"column":46}},"110":{"start":{"line":111,"column":0},"end":{"line":111,"column":40}},"111":{"start":{"line":112,"column":0},"end":{"line":112,"column":10}},"113":{"start":{"line":114,"column":0},"end":{"line":114,"column":2}},"115":{"start":{"line":116,"column":0},"end":{"line":116,"column":30}}},"s":{"4":1,"5":1,"6":1,"27":1,"28":0,"29":0,"30":0,"31":0,"33":0,"35":1,"36":0,"37":0,"38":0,"40":0,"41":0,"42":0,"43":0,"44":0,"45":0,"48":0,"49":0,"50":0,"51":0,"53":0,"54":0,"55":0,"56":0,"57":0,"58":0,"60":0,"61":0,"62":0,"92":0,"93":0,"94":0,"96":0,"97":0,"103":0,"109":0,"110":0,"111":0,"113":0,"115":1},"branchMap":{},"b":{},"fnMap":{"0":{"name":"ReturnFormat2","decl":{"start":{"line":28,"column":22},"end":{"line":34,"column":2}},"loc":{"start":{"line":28,"column":22},"end":{"line":34,"column":2}},"line":28},"1":{"name":"CSNotionPages2","decl":{"start":{"line":36,"column":23},"end":{"line":114,"column":2}},"loc":{"start":{"line":36,"column":23},"end":{"line":114,"column":2}},"line":36}},"f":{"0":0,"1":0}}
,"C:\\Users\\Chans\\Downloads\\coding-projects\\coding-projects-2025\\csreadings\\src\\components\\BasicDropdownList.tsx": {"path":"C:\\Users\\Chans\\Downloads\\coding-projects\\coding-projects-2025\\csreadings\\src\\components\\BasicDropdownList.tsx","all":false,"statementMap":{"7":{"start":{"line":8,"column":0},"end":{"line":8,"column":34}},"23":{"start":{"line":24,"column":0},"end":{"line":24,"column":56}},"24":{"start":{"line":25,"column":0},"end":{"line":25,"column":8}},"25":{"start":{"line":26,"column":0},"end":{"line":26,"column":12}},"26":{"start":{"line":27,"column":0},"end":{"line":27,"column":18}},"27":{"start":{"line":28,"column":0},"end":{"line":28,"column":7}},"31":{"start":{"line":32,"column":0},"end":{"line":32,"column":10}},"32":{"start":{"line":33,"column":0},"end":{"line":33,"column":20}},"33":{"start":{"line":34,"column":0},"end":{"line":34,"column":32}},"34":{"start":{"line":35,"column":0},"end":{"line":35,"column":55}},"36":{"start":{"line":37,"column":0},"end":{"line":37,"column":9}},"37":{"start":{"line":38,"column":0},"end":{"line":38,"column":22}},"38":{"start":{"line":39,"column":0},"end":{"line":39,"column":21}},"39":{"start":{"line":40,"column":0},"end":{"line":40,"column":22}},"40":{"start":{"line":41,"column":0},"end":{"line":41,"column":21}},"41":{"start":{"line":42,"column":0},"end":{"line":42,"column":15}},"42":{"start":{"line":43,"column":0},"end":{"line":43,"column":19}},"43":{"start":{"line":44,"column":0},"end":{"line":44,"column":25}},"44":{"start":{"line":45,"column":0},"end":{"line":45,"column":21}},"45":{"start":{"line":46,"column":0},"end":{"line":46,"column":13}},"46":{"start":{"line":47,"column":0},"end":{"line":47,"column":13}},"47":{"start":{"line":48,"column":0},"end":{"line":48,"column":57}},"48":{"start":{"line":49,"column":0},"end":{"line":49,"column":40}},"49":{"start":{"line":50,"column":0},"end":{"line":50,"column":34}},"50":{"start":{"line":51,"column":0},"end":{"line":51,"column":19}},"51":{"start":{"line":52,"column":0},"end":{"line":52,"column":21}},"52":{"start":{"line":53,"column":0},"end":{"line":53,"column":26}},"53":{"start":{"line":54,"column":0},"end":{"line":54,"column":76}},"54":{"start":{"line":55,"column":0},"end":{"line":55,"column":19}},"55":{"start":{"line":56,"column":0},"end":{"line":56,"column":41}},"56":{"start":{"line":57,"column":0},"end":{"line":57,"column":23}},"57":{"start":{"line":58,"column":0},"end":{"line":58,"column":40}},"58":{"start":{"line":59,"column":0},"end":{"line":59,"column":40}},"59":{"start":{"line":60,"column":0},"end":{"line":60,"column":30}},"60":{"start":{"line":61,"column":0},"end":{"line":61,"column":29}},"61":{"start":{"line":62,"column":0},"end":{"line":62,"column":32}},"62":{"start":{"line":63,"column":0},"end":{"line":63,"column":42}},"63":{"start":{"line":64,"column":0},"end":{"line":64,"column":79}},"64":{"start":{"line":65,"column":0},"end":{"line":65,"column":80}},"65":{"start":{"line":66,"column":0},"end":{"line":66,"column":26}},"66":{"start":{"line":67,"column":0},"end":{"line":67,"column":25}},"68":{"start":{"line":69,"column":0},"end":{"line":69,"column":34}},"69":{"start":{"line":70,"column":0},"end":{"line":70,"column":25}},"70":{"start":{"line":71,"column":0},"end":{"line":71,"column":20}},"71":{"start":{"line":72,"column":0},"end":{"line":72,"column":21}},"72":{"start":{"line":73,"column":0},"end":{"line":73,"column":15}},"73":{"start":{"line":74,"column":0},"end":{"line":74,"column":14}},"75":{"start":{"line":76,"column":0},"end":{"line":76,"column":16}},"77":{"start":{"line":78,"column":0},"end":{"line":78,"column":2}},"79":{"start":{"line":80,"column":0},"end":{"line":80,"column":30}}},"s":{"7":1,"23":1,"24":0,"25":0,"26":0,"27":0,"31":0,"32":0,"33":0,"34":0,"36":0,"37":0,"38":0,"39":0,"40":0,"41":0,"42":0,"43":0,"44":0,"45":0,"46":0,"47":0,"48":0,"49":0,"50":0,"51":0,"52":0,"53":0,"54":0,"55":0,"56":0,"57":0,"58":0,"59":0,"60":0,"61":0,"62":0,"63":0,"64":0,"65":0,"66":0,"68":0,"69":0,"70":0,"71":0,"72":0,"73":0,"75":0,"77":0,"79":1},"branchMap":{},"b":{},"fnMap":{"0":{"name":"BasicDownshift","decl":{"start":{"line":24,"column":54},"end":{"line":78,"column":2}},"loc":{"start":{"line":24,"column":54},"end":{"line":78,"column":2}},"line":24}},"f":{"0":0}}
,"C:\\Users\\Chans\\Downloads\\coding-projects\\coding-projects-2025\\csreadings\\src\\hooks\\useColumnVisibility.tsx": {"path":"C:\\Users\\Chans\\Downloads\\coding-projects\\coding-projects-2025\\csreadings\\src\\hooks\\useColumnVisibility.tsx","all":false,"statementMap":{"1":{"start":{"line":2,"column":0},"end":{"line":2,"column":33}},"22":{"start":{"line":23,"column":0},"end":{"line":23,"column":58}},"23":{"start":{"line":24,"column":0},"end":{"line":24,"column":13}},"24":{"start":{"line":25,"column":0},"end":{"line":25,"column":13}},"25":{"start":{"line":26,"column":0},"end":{"line":26,"column":20}},"26":{"start":{"line":27,"column":0},"end":{"line":27,"column":20}},"27":{"start":{"line":28,"column":0},"end":{"line":28,"column":18}},"28":{"start":{"line":29,"column":0},"end":{"line":29,"column":20}},"29":{"start":{"line":30,"column":0},"end":{"line":30,"column":23}},"30":{"start":{"line":31,"column":0},"end":{"line":31,"column":22}},"31":{"start":{"line":32,"column":0},"end":{"line":32,"column":13}},"32":{"start":{"line":33,"column":0},"end":{"line":33,"column":15}},"33":{"start":{"line":34,"column":0},"end":{"line":34,"column":13}},"34":{"start":{"line":35,"column":0},"end":{"line":35,"column":13}},"35":{"start":{"line":36,"column":0},"end":{"line":36,"column":13}},"36":{"start":{"line":37,"column":0},"end":{"line":37,"column":16}},"38":{"start":{"line":39,"column":0},"end":{"line":39,"column":2}},"40":{"start":{"line":41,"column":0},"end":{"line":41,"column":55}},"41":{"start":{"line":42,"column":0},"end":{"line":42,"column":13}},"42":{"start":{"line":43,"column":0},"end":{"line":43,"column":13}},"43":{"start":{"line":44,"column":0},"end":{"line":44,"column":21}},"44":{"start":{"line":45,"column":0},"end":{"line":45,"column":20}},"45":{"start":{"line":46,"column":0},"end":{"line":46,"column":18}},"46":{"start":{"line":47,"column":0},"end":{"line":47,"column":20}},"47":{"start":{"line":48,"column":0},"end":{"line":48,"column":23}},"48":{"start":{"line":49,"column":0},"end":{"line":49,"column":22}},"49":{"start":{"line":50,"column":0},"end":{"line":50,"column":13}},"50":{"start":{"line":51,"column":0},"end":{"line":51,"column":15}},"51":{"start":{"line":52,"column":0},"end":{"line":52,"column":13}},"52":{"start":{"line":53,"column":0},"end":{"line":53,"column":13}},"53":{"start":{"line":54,"column":0},"end":{"line":54,"column":13}},"54":{"start":{"line":55,"column":0},"end":{"line":55,"column":16}},"56":{"start":{"line":57,"column":0},"end":{"line":57,"column":2}},"58":{"start":{"line":59,"column":0},"end":{"line":59,"column":74}},"60":{"start":{"line":61,"column":0},"end":{"line":61,"column":88}},"61":{"start":{"line":62,"column":0},"end":{"line":62,"column":88}},"79":{"start":{"line":80,"column":0},"end":{"line":80,"column":36}},"80":{"start":{"line":81,"column":0},"end":{"line":81,"column":71}},"81":{"start":{"line":82,"column":0},"end":{"line":82,"column":6}},"83":{"start":{"line":84,"column":0},"end":{"line":84,"column":80}},"95":{"start":{"line":96,"column":0},"end":{"line":96,"column":12}},"96":{"start":{"line":97,"column":0},"end":{"line":97,"column":80}},"98":{"start":{"line":99,"column":0},"end":{"line":99,"column":5}},"104":{"start":{"line":105,"column":0},"end":{"line":105,"column":78}},"105":{"start":{"line":106,"column":0},"end":{"line":106,"column":34}},"106":{"start":{"line":107,"column":0},"end":{"line":107,"column":14}},"107":{"start":{"line":108,"column":0},"end":{"line":108,"column":48}},"108":{"start":{"line":109,"column":0},"end":{"line":109,"column":8}},"109":{"start":{"line":110,"column":0},"end":{"line":110,"column":4}},"115":{"start":{"line":116,"column":0},"end":{"line":116,"column":78}},"116":{"start":{"line":117,"column":0},"end":{"line":117,"column":60}},"117":{"start":{"line":118,"column":0},"end":{"line":118,"column":17}},"118":{"start":{"line":119,"column":0},"end":{"line":119,"column":32}},"119":{"start":{"line":120,"column":0},"end":{"line":120,"column":12}},"120":{"start":{"line":121,"column":0},"end":{"line":121,"column":19}},"121":{"start":{"line":122,"column":0},"end":{"line":122,"column":79}},"122":{"start":{"line":123,"column":0},"end":{"line":123,"column":8}},"123":{"start":{"line":124,"column":0},"end":{"line":124,"column":49}},"124":{"start":{"line":125,"column":0},"end":{"line":125,"column":5}},"125":{"start":{"line":126,"column":0},"end":{"line":126,"column":4}},"130":{"start":{"line":131,"column":0},"end":{"line":131,"column":33}},"131":{"start":{"line":132,"column":0},"end":{"line":132,"column":47}},"132":{"start":{"line":133,"column":0},"end":{"line":133,"column":4}},"134":{"start":{"line":135,"column":0},"end":{"line":135,"column":10}},"135":{"start":{"line":136,"column":0},"end":{"line":136,"column":19}},"136":{"start":{"line":137,"column":0},"end":{"line":137,"column":23}},"137":{"start":{"line":138,"column":0},"end":{"line":138,"column":24}},"138":{"start":{"line":139,"column":0},"end":{"line":139,"column":20}},"139":{"start":{"line":140,"column":0},"end":{"line":140,"column":85}},"140":{"start":{"line":141,"column":0},"end":{"line":141,"column":4}},"141":{"start":{"line":142,"column":0},"end":{"line":142,"column":2}}},"s":{"1":1,"22":1,"23":1,"24":1,"25":1,"26":1,"27":1,"28":1,"29":1,"30":1,"31":1,"32":1,"33":1,"34":1,"35":1,"36":1,"38":1,"40":1,"41":1,"42":1,"43":1,"44":1,"45":1,"46":1,"47":1,"48":1,"49":1,"50":1,"51":1,"52":1,"53":1,"54":1,"56":1,"58":1,"60":1,"61":1,"79":1,"80":19,"81":19,"83":19,"95":9,"96":9,"98":19,"104":19,"105":2,"106":2,"107":2,"108":2,"109":2,"115":19,"116":0,"117":0,"118":0,"119":0,"120":0,"121":0,"122":0,"123":0,"124":0,"125":0,"130":19,"131":1,"132":1,"134":19,"135":19,"136":19,"137":19,"138":19,"139":19,"140":19,"141":19},"branchMap":{"0":{"type":"branch","line":80,"loc":{"start":{"line":80,"column":35},"end":{"line":142,"column":2}},"locations":[{"start":{"line":80,"column":35},"end":{"line":142,"column":2}}]},"1":{"type":"branch","line":84,"loc":{"start":{"line":84,"column":73},"end":{"line":99,"column":3}},"locations":[{"start":{"line":84,"column":73},"end":{"line":99,"column":3}}]},"2":{"type":"branch","line":97,"loc":{"start":{"line":97,"column":52},"end":{"line":97,"column":80}},"locations":[{"start":{"line":97,"column":52},"end":{"line":97,"column":80}}]},"3":{"type":"branch","line":105,"loc":{"start":{"line":105,"column":29},"end":{"line":110,"column":4}},"locations":[{"start":{"line":105,"column":29},"end":{"line":110,"column":4}}]},"4":{"type":"branch","line":106,"loc":{"start":{"line":106,"column":22},"end":{"line":109,"column":6}},"locations":[{"start":{"line":106,"column":22},"end":{"line":109,"column":6}}]},"5":{"type":"branch","line":131,"loc":{"start":{"line":131,"column":26},"end":{"line":133,"column":4}},"locations":[{"start":{"line":131,"column":26},"end":{"line":133,"column":4}}]}},"b":{"0":[19],"1":[9],"2":[0],"3":[2],"4":[2],"5":[1]},"fnMap":{"0":{"name":"useColumnVisibility","decl":{"start":{"line":80,"column":35},"end":{"line":142,"column":2}},"loc":{"start":{"line":80,"column":35},"end":{"line":142,"column":2}},"line":80},"1":{"name":"handleToggleColumn","decl":{"start":{"line":105,"column":29},"end":{"line":110,"column":4}},"loc":{"start":{"line":105,"column":29},"end":{"line":110,"column":4}},"line":105},"2":{"name":"setPresetVisibility","decl":{"start":{"line":116,"column":30},"end":{"line":126,"column":4}},"loc":{"start":{"line":116,"column":30},"end":{"line":126,"column":4}},"line":116},"3":{"name":"resetVisibility","decl":{"start":{"line":131,"column":26},"end":{"line":133,"column":4}},"loc":{"start":{"line":131,"column":26},"end":{"line":133,"column":4}},"line":131}},"f":{"0":19,"1":2,"2":0,"3":1}}
[...]
ype":"branch","line":69,"loc":{"start":{"line":69,"column":4},"end":{"line":76,"column":5}},"locations":[{"start":{"line":69,"column":4},"end":{"line":76,"column":5}}]},"15":{"type":"branch","line":79,"loc":{"start":{"line":79,"column":21},"end":{"line":81,"column":5}},"locations":[{"start":{"line":79,"column":21},"end":{"line":81,"column":5}}]},"16":{"type":"branch","line":111,"loc":{"start":{"line":111,"column":31},"end":{"line":252,"column":2}},"locations":[{"start":{"line":111,"column":31},"end":{"line":252,"column":2}}]},"17":{"type":"branch","line":131,"loc":{"start":{"line":131,"column":33},"end":{"line":138,"column":4}},"locations":[{"start":{"line":131,"column":33},"end":{"line":138,"column":4}}]},"18":{"type":"branch","line":132,"loc":{"start":{"line":132,"column":31},"end":{"line":132,"column":58}},"locations":[{"start":{"line":132,"column":31},"end":{"line":132,"column":58}}]},"19":{"type":"branch","line":133,"loc":{"start":{"line":133,"column":39},"end":{"line":133,"column":71}},"locations":[{"start":{"line":133,"column":39},"end":{"line":133,"column":71}}]},"20":{"type":"branch","line":134,"loc":{"start":{"line":134,"column":38},"end":{"line":134,"column":72}},"locations":[{"start":{"line":134,"column":38},"end":{"line":134,"column":72}}]},"21":{"type":"branch","line":135,"loc":{"start":{"line":135,"column":37},"end":{"line":135,"column":70}},"locations":[{"start":{"line":135,"column":37},"end":{"line":135,"column":70}}]},"22":{"type":"branch","line":141,"loc":{"start":{"line":141,"column":24},"end":{"line":141,"column":57}},"locations":[{"start":{"line":141,"column":24},"end":{"line":141,"column":57}}]},"23":{"type":"branch","line":143,"loc":{"start":{"line":143,"column":31},"end":{"line":143,"column":71}},"locations":[{"start":{"line":143,"column":31},"end":{"line":143,"column":71}}]},"24":{"type":"branch","line":153,"loc":{"start":{"line":153,"column":25},"end":{"line":158,"column":4}},"locations":[{"start":{"line":153,"column":25},"end":{"line":158,"column":4}}]},"25":{"type":"branch","line":160,"loc":{"start":{"line":160,"column":32},"end":{"line":165,"column":4}},"locations":[{"start":{"line":160,"column":32},"end":{"line":165,"column":4}}]},"26":{"type":"branch","line":167,"loc":{"start":{"line":167,"column":31},"end":{"line":172,"column":4}},"locations":[{"start":{"line":167,"column":31},"end":{"line":172,"column":4}}]},"27":{"type":"branch","line":174,"loc":{"start":{"line":174,"column":30},"end":{"line":179,"column":4}},"locations":[{"start":{"line":174,"column":30},"end":{"line":179,"column":4}}]},"28":{"type":"branch","line":189,"loc":{"start":{"line":189,"column":29},"end":{"line":221,"column":5}},"locations":[{"start":{"line":189,"column":29},"end":{"line":221,"column":5}}]},"29":{"type":"branch","line":196,"loc":{"start":{"line":196,"column":27},"end":{"line":200,"column":15}},"locations":[{"start":{"line":196,"column":27},"end":{"line":200,"column":15}}]},"30":{"type":"branch","line":200,"loc":{"start":{"line":200,"column":4},"end":{"line":218,"column":5}},"locations":[{"start":{"line":200,"column":4},"end":{"line":218,"column":5}}]},"31":{"type":"branch","line":200,"loc":{"start":{"line":200,"column":39},"end":{"line":205,"column":15}},"locations":[{"start":{"line":200,"column":39},"end":{"line":205,"column":15}}]},"32":{"type":"branch","line":205,"loc":{"start":{"line":205,"column":4},"end":{"line":218,"column":5}},"locations":[{"start":{"line":205,"column":4},"end":{"line":218,"column":5}}]},"33":{"type":"branch","line":205,"loc":{"start":{"line":205,"column":41},"end":{"line":209,"column":15}},"locations":[{"start":{"line":205,"column":41},"end":{"line":209,"column":15}}]},"34":{"type":"branch","line":209,"loc":{"start":{"line":209,"column":4},"end":{"line":218,"column":5}},"locations":[{"start":{"line":209,"column":4},"end":{"line":218,"column":5}}]},"35":{"type":"branch","line":209,"loc":{"start":{"line":209,"column":40},"end":{"line":213,"column":15}},"locations":[{"start":{"line":209,"column":40},"end":{"line":213,"column":15}}]},"36":{"type":"branch","line":213,"loc":{"start":{"line":213,"column":4},"end":{"line":218,"column":5}},"locations":[{"start":{"line":213,"column":4},"end":{"line":218,"column":5}}]},"37":{"type":"branch","line":213,"loc":{"start":{"line":213,"column":36},"end":{"line":218,"column":5}},"locations":[{"start":{"line":213,"column":36},"end":{"line":218,"column":5}}]},"38":{"type":"branch","line":197,"loc":{"start":{"line":197,"column":24},"end":{"line":198,"column":63}},"locations":[{"start":{"line":197,"column":24},"end":{"line":198,"column":63}}]},"39":{"type":"branch","line":202,"loc":{"start":{"line":202,"column":24},"end":{"line":203,"column":74}},"locations":[{"start":{"line":202,"column":24},"end":{"line":203,"column":74}}]},"40":{"type":"branch","line":206,"loc":{"start":{"line":206,"column":24},"end":{"line":207,"column":75}},"locations":[{"start":{"line":206,"column":24},"end":{"line":207,"column":75}}]},"41":{"type":"branch","line":210,"loc":{"start":{"line":210,"column":24},"end":{"line":211,"column":73}},"locations":[{"start":{"line":210,"column":24},"end":{"line":211,"column":73}}]}},"b":{"0":[51],"1":[0],"2":[0],"3":[42],"4":[30],"5":[12],"6":[9],"7":[6],"8":[3],"9":[0],"10":[27],"11":[0],"12":[0],"13":[54],"14":[0],"15":[0],"16":[44],"17":[20],"18":[9],"19":[18],"20":[15],"21":[18],"22":[3],"23":[2],"24":[11],"25":[5],"26":[2],"27":[2],"28":[44],"29":[11],"30":[33],"31":[2],"32":[31],"33":[5],"34":[26],"35":[2],"36":[24],"37":[0],"38":[51],"39":[6],"40":[15],"41":[6]},"fnMap":{"0":{"name":"sortByStringComparator","decl":{"start":{"line":13,"column":0},"end":{"line":33,"column":1}},"loc":{"start":{"line":13,"column":0},"end":{"line":33,"column":1}},"line":13},"1":{"name":"sortByDateComparator","decl":{"start":{"line":48,"column":0},"end":{"line":96,"column":1}},"loc":{"start":{"line":48,"column":0},"end":{"line":96,"column":1}},"line":48},"2":{"name":"getSafeTime","decl":{"start":{"line":61,"column":22},"end":{"line":83,"column":4}},"loc":{"start":{"line":61,"column":22},"end":{"line":83,"column":4}},"line":61},"3":{"name":"useTableSorting","decl":{"start":{"line":111,"column":31},"end":{"line":252,"column":2}},"loc":{"start":{"line":111,"column":31},"end":{"line":252,"column":2}},"line":111},"4":{"name":"resetAllSortDirections","decl":{"start":{"line":131,"column":33},"end":{"line":138,"column":4}},"loc":{"start":{"line":131,"column":33},"end":{"line":138,"column":4}},"line":131},"5":{"name":"resetNameSort","decl":{"start":{"line":141,"column":24},"end":{"line":141,"column":57}},"loc":{"start":{"line":141,"column":24},"end":{"line":141,"column":57}},"line":141},"6":{"name":"resetNotedTimeSort","decl":{"start":{"line":142,"column":29},"end":{"line":142,"column":87}},"loc":{"start":{"line":142,"column":29},"end":{"line":142,"column":87}},"line":142},"7":{"name":"resetCreatedTimeSort","decl":{"start":{"line":143,"column":31},"end":{"line":143,"column":71}},"loc":{"start":{"line":143,"column":31},"end":{"line":143,"column":71}},"line":143},"8":{"name":"resetEditedTimeSort","decl":{"start":{"line":144,"column":30},"end":{"line":144,"column":69}},"loc":{"start":{"line":144,"column":30},"end":{"line":144,"column":69}},"line":144},"9":{"name":"resetSourceSort","decl":{"start":{"line":145,"column":26},"end":{"line":145,"column":88}},"loc":{"start":{"line":145,"column":26},"end":{"line":145,"column":88}},"line":145},"10":{"name":"handleNameSort","decl":{"start":{"line":153,"column":25},"end":{"line":158,"column":4}},"loc":{"start":{"line":153,"column":25},"end":{"line":158,"column":4}},"line":153},"11":{"name":"handleCreatedTimeSort","decl":{"start":{"line":160,"column":32},"end":{"line":165,"column":4}},"loc":{"start":{"line":160,"column":32},"end":{"line":165,"column":4}},"line":160},"12":{"name":"handleEditedTimeSort","decl":{"start":{"line":167,"column":31},"end":{"line":172,"column":4}},"loc":{"start":{"line":167,"column":31},"end":{"line":172,"column":4}},"line":167},"13":{"name":"handleNotedTimeSort","decl":{"start":{"line":174,"column":30},"end":{"line":179,"column":4}},"loc":{"start":{"line":174,"column":30},"end":{"line":179,"column":4}},"line":174},"14":{"name":"handleSourceSort","decl":{"start":{"line":181,"column":27},"end":{"line":186,"column":4}},"loc":{"start":{"line":181,"column":27},"end":{"line":186,"column":4}},"line":181}},"f":{"0":51,"1":27,"2":54,"3":44,"4":20,"5":3,"6":0,"7":2,"8":0,"9":0,"10":11,"11":5,"12":2,"13":2,"14":0}}
,"C:\\Users\\Chans\\Downloads\\coding-projects\\coding-projects-2025\\csreadings\\src\\utils\\dataTransforms.ts": {"path":"C:\\Users\\Chans\\Downloads\\coding-projects\\coding-projects-2025\\csreadings\\src\\utils\\dataTransforms.ts","all":false,"statementMap":{"41":{"start":{"line":42,"column":0},"end":{"line":42,"column":38}},"42":{"start":{"line":43,"column":0},"end":{"line":43,"column":47}},"43":{"start":{"line":44,"column":0},"end":{"line":44,"column":15}},"44":{"start":{"line":45,"column":0},"end":{"line":45,"column":20}},"45":{"start":{"line":46,"column":0},"end":{"line":46,"column":19}},"46":{"start":{"line":47,"column":0},"end":{"line":47,"column":21}},"47":{"start":{"line":48,"column":0},"end":{"line":48,"column":19}},"48":{"start":{"line":49,"column":0},"end":{"line":49,"column":23}},"49":{"start":{"line":50,"column":0},"end":{"line":50,"column":21}},"50":{"start":{"line":51,"column":0},"end":{"line":51,"column":15}},"51":{"start":{"line":52,"column":0},"end":{"line":52,"column":17}},"52":{"start":{"line":53,"column":0},"end":{"line":53,"column":15}},"53":{"start":{"line":54,"column":0},"end":{"line":54,"column":15}},"54":{"start":{"line":55,"column":0},"end":{"line":55,"column":17}},"55":{"start":{"line":56,"column":0},"end":{"line":56,"column":17}},"57":{"start":{"line":58,"column":0},"end":{"line":58,"column":12}},"58":{"start":{"line":59,"column":0},"end":{"line":59,"column":10}},"59":{"start":{"line":60,"column":0},"end":{"line":60,"column":9}},"60":{"start":{"line":61,"column":0},"end":{"line":61,"column":9}},"61":{"start":{"line":62,"column":0},"end":{"line":62,"column":16}},"62":{"start":{"line":63,"column":0},"end":{"line":63,"column":15}},"63":{"start":{"line":64,"column":0},"end":{"line":64,"column":17}},"64":{"start":{"line":65,"column":0},"end":{"line":65,"column":15}},"65":{"start":{"line":66,"column":0},"end":{"line":66,"column":19}},"66":{"start":{"line":67,"column":0},"end":{"line":67,"column":17}},"67":{"start":{"line":68,"column":0},"end":{"line":68,"column":9}},"68":{"start":{"line":69,"column":0},"end":{"line":69,"column":11}},"69":{"start":{"line":70,"column":0},"end":{"line":70,"column":9}},"70":{"start":{"line":71,"column":0},"end":{"line":71,"column":9}},"71":{"start":{"line":72,"column":0},"end":{"line":72,"column":9}},"72":{"start":{"line":73,"column":0},"end":{"line":73,"column":12}},"74":{"start":{"line":75,"column":0},"end":{"line":75,"column":4}},"75":{"start":{"line":76,"column":0},"end":{"line":76,"column":1}},"81":{"start":{"line":82,"column":0},"end":{"line":82,"column":69}},"82":{"start":{"line":83,"column":0},"end":{"line":83,"column":28}},"83":{"start":{"line":84,"column":0},"end":{"line":84,"column":26}},"84":{"start":{"line":85,"column":0},"end":{"line":85,"column":14}},"85":{"start":{"line":86,"column":0},"end":{"line":86,"column":16}},"86":{"start":{"line":87,"column":0},"end":{"line":87,"column":23}},"87":{"start":{"line":88,"column":0},"end":{"line":88,"column":22}},"88":{"start":{"line":89,"column":0},"end":{"line":89,"column":24}},"89":{"start":{"line":90,"column":0},"end":{"line":90,"column":22}},"90":{"start":{"line":91,"column":0},"end":{"line":91,"column":26}},"91":{"start":{"line":92,"column":0},"end":{"line":92,"column":24}},"92":{"start":{"line":93,"column":0},"end":{"line":93,"column":16}},"93":{"start":{"line":94,"column":0},"end":{"line":94,"column":18}},"94":{"start":{"line":95,"column":0},"end":{"line":95,"column":16}},"95":{"start":{"line":96,"column":0},"end":{"line":96,"column":16}},"96":{"start":{"line":97,"column":0},"end":{"line":97,"column":16}},"97":{"start":{"line":98,"column":0},"end":{"line":98,"column":18}},"99":{"start":{"line":100,"column":0},"end":{"line":100,"column":5}},"100":{"start":{"line":101,"column":0},"end":{"line":101,"column":4}},"101":{"start":{"line":102,"column":0},"end":{"line":102,"column":1}},"117":{"start":{"line":118,"column":0},"end":{"line":118,"column":32}},"118":{"start":{"line":119,"column":0},"end":{"line":119,"column":25}},"119":{"start":{"line":120,"column":0},"end":{"line":120,"column":26}},"120":{"start":{"line":121,"column":0},"end":{"line":121,"column":11}},"124":{"start":{"line":125,"column":0},"end":{"line":125,"column":46}},"125":{"start":{"line":126,"column":0},"end":{"line":126,"column":56}},"129":{"start":{"line":130,"column":0},"end":{"line":130,"column":80}},"130":{"start":{"line":131,"column":0},"end":{"line":131,"column":100}},"133":{"start":{"line":134,"column":0},"end":{"line":134,"column":61}},"137":{"start":{"line":138,"column":0},"end":{"line":138,"column":44}},"138":{"start":{"line":139,"column":0},"end":{"line":139,"column":15}},"142":{"start":{"line":143,"column":0},"end":{"line":143,"column":38}},"143":{"start":{"line":144,"column":0},"end":{"line":144,"column":29}},"144":{"start":{"line":145,"column":0},"end":{"line":145,"column":7}},"146":{"start":{"line":147,"column":0},"end":{"line":147,"column":41}},"147":{"start":{"line":148,"column":0},"end":{"line":148,"column":5}},"150":{"start":{"line":151,"column":0},"end":{"line":151,"column":23}},"151":{"start":{"line":152,"column":0},"end":{"line":152,"column":9}},"155":{"start":{"line":156,"column":0},"end":{"line":156,"column":43}},"158":{"start":{"line":159,"column":0},"end":{"line":159,"column":57}},"159":{"start":{"line":160,"column":0},"end":{"line":160,"column":19}},"160":{"start":{"line":161,"column":0},"end":{"line":161,"column":6}},"162":{"start":{"line":163,"column":0},"end":{"line":163,"column":18}},"163":{"start":{"line":164,"column":0},"end":{"line":164,"column":1}}},"s":{"41":1,"42":21,"43":21,"44":21,"45":21,"46":21,"47":21,"48":21,"49":21,"50":21,"51":21,"52":21,"53":21,"54":21,"55":21,"57":21,"58":21,"59":21,"60":21,"61":21,"62":21,"63":21,"64":21,"65":21,"66":21,"67":21,"68":21,"69":21,"70":21,"71":21,"72":21,"74":21,"75":21,"81":1,"82":5,"83":20,"84":20,"85":20,"86":20,"87":20,"88":20,"89":20,"90":20,"91":20,"92":20,"93":20,"94":20,"95":20,"96":20,"97":20,"99":20,"100":5,"101":5,"117":1,"118":24,"119":24,"120":24,"124":24,"125":96,"129":24,"130":96,"133":96,"137":48,"138":48,"142":48,"143":48,"144":48,"146":48,"147":48,"150":0,"151":24,"155":24,"158":24,"159":96,"160":24,"162":24,"163":24},"branchMap":{"0":{"type":"branch","line":42,"loc":{"start":{"line":42,"column":7},"end":{"line":76,"column":1}},"locations":[{"start":{"line":42,"column":7},"end":{"line":76,"column":1}}]},"1":{"type":"branch","line":82,"loc":{"start":{"line":82,"column":7},"end":{"line":102,"column":1}},"locations":[{"start":{"line":82,"column":7},"end":{"line":102,"column":1}}]},"2":{"type":"branch","line":83,"loc":{"start":{"line":83,"column":19},"end":{"line":100,"column":5}},"locations":[{"start":{"line":83,"column":19},"end":{"line":100,"column":5}}]},"3":{"type":"branch","line":118,"loc":{"start":{"line":118,"column":7},"end":{"line":164,"column":1}},"locations":[{"start":{"line":118,"column":7},"end":{"line":164,"column":1}}]},"4":{"type":"branch","line":125,"loc":{"start":{"line":125,"column":22},"end":{"line":126,"column":56}},"locations":[{"start":{"line":125,"column":22},"end":{"line":126,"column":56}}]},"5":{"type":"branch","line":130,"loc":{"start":{"line":130,"column":57},"end":{"line":152,"column":5}},"locations":[{"start":{"line":130,"column":57},"end":{"line":152,"column":5}}]},"6":{"type":"branch","line":134,"loc":{"start":{"line":134,"column":60},"end":{"line":148,"column":5}},"locations":[{"start":{"line":134,"column":60},"end":{"line":148,"column":5}}]},"7":{"type":"branch","line":148,"loc":{"start":{"line":148,"column":4},"end":{"line":151,"column":23}},"locations":[{"start":{"line":148,"column":4},"end":{"line":151,"column":23}}]},"8":{"type":"branch","line":159,"loc":{"start":{"line":159,"column":42},"end":{"line":161,"column":4}},"locations":[{"start":{"line":159,"column":42},"end":{"line":161,"column":4}}]}},"b":{"0":[21],"1":[5],"2":[20],"3":[24],"4":[96],"5":[96],"6":[48],"7":[0],"8":[96]},"fnMap":{"0":{"name":"createCustomTableData","decl":{"start":{"line":42,"column":7},"end":{"line":76,"column":1}},"loc":{"start":{"line":42,"column":7},"end":{"line":76,"column":1}},"line":42},"1":{"name":"mapPagesToCustomTableData","decl":{"start":{"line":82,"column":7},"end":{"line":102,"column":1}},"loc":{"start":{"line":82,"column":7},"end":{"line":102,"column":1}},"line":82},"2":{"name":"producePropList","decl":{"start":{"line":118,"column":7},"end":{"line":164,"column":1}},"loc":{"start":{"line":118,"column":7},"end":{"line":164,"column":1}},"line":118},"3":{"name":"isArrayProp","decl":{"start":{"line":125,"column":22},"end":{"line":126,"column":56}},"loc":{"start":{"line":125,"column":22},"end":{"line":126,"column":56}},"line":125}},"f":{"0":21,"1":5,"2":24,"3":96}}
,"C:\\Users\\Chans\\Downloads\\coding-projects\\coding-projects-2025\\csreadings\\src\\utils\\dateDisplay.ts": {"path":"C:\\Users\\Chans\\Downloads\\coding-projects\\coding-projects-2025\\csreadings\\src\\utils\\dateDisplay.ts","all":false,"statementMap":{"0":{"start":{"line":1,"column":0},"end":{"line":1,"column":65}},"2":{"start":{"line":3,"column":0},"end":{"line":3,"column":34}},"3":{"start":{"line":4,"column":0},"end":{"line":4,"column":32}},"4":{"start":{"line":5,"column":0},"end":{"line":5,"column":22}},"5":{"start":{"line":6,"column":0},"end":{"line":6,"column":43}},"6":{"start":{"line":7,"column":0},"end":{"line":7,"column":9}},"7":{"start":{"line":8,"column":0},"end":{"line":8,"column":34}},"8":{"start":{"line":9,"column":0},"end":{"line":9,"column":37}},"10":{"start":{"line":11,"column":0},"end":{"line":11,"column":23}},"11":{"start":{"line":12,"column":0},"end":{"line":12,"column":7}},"12":{"start":{"line":13,"column":0},"end":{"line":13,"column":17}},"13":{"start":{"line":14,"column":0},"end":{"line":14,"column":21}},"14":{"start":{"line":15,"column":0},"end":{"line":15,"column":5}},"15":{"start":{"line":16,"column":0},"end":{"line":16,"column":3}},"17":{"start":{"line":18,"column":0},"end":{"line":18,"column":93}},"18":{"start":{"line":19,"column":0},"end":{"line":19,"column":43}},"19":{"start":{"line":20,"column":0},"end":{"line":20,"column":24}},"20":{"start":{"line":21,"column":0},"end":{"line":21,"column":22}},"21":{"start":{"line":22,"column":0},"end":{"line":22,"column":23}},"22":{"start":{"line":23,"column":0},"end":{"line":23,"column":24}},"23":{"start":{"line":24,"column":0},"end":{"line":24,"column":26}},"24":{"start":{"line":25,"column":0},"end":{"line":25,"column":8}},"25":{"start":{"line":26,"column":0},"end":{"line":26,"column":10}},"26":{"start":{"line":27,"column":0},"end":{"line":27,"column":1}}},"s":{"0":1,"2":96,"3":96,"4":96,"5":96,"6":0,"7":0,"8":0,"10":0,"11":0,"12":0,"13":0,"14":0,"15":0,"17":96,"18":96,"19":96,"20":96,"21":96,"22":96,"23":96,"24":96,"25":0,"26":96},"branchMap":{"0":{"type":"branch","line":1,"loc":{"start":{"line":1,"column":7},"end":{"line":27,"column":1}},"locations":[{"start":{"line":1,"column":7},"end":{"line":27,"column":1}}]},"1":{"type":"branch","line":6,"loc":{"start":{"line":6,"column":2},"end":{"line":16,"column":3}},"locations":[{"start":{"line":6,"column":2},"end":{"line":16,"column":3}}]},"2":{"type":"branch","line":25,"loc":{"start":{"line":25,"column":7},"end":{"line":26,"column":10}},"locations":[{"start":{"line":25,"column":7},"end":{"line":26,"column":10}}]}},"b":{"0":[96],"1":[0],"2":[0]},"fnMap":{"0":{"name":"displayDate","decl":{"start":{"line":1,"column":7},"end":{"line":27,"column":1}},"loc":{"start":{"line":1,"column":7},"end":{"line":27,"column":1}},"line":1}},"f":{"0":96}}
}
